<?xml version="1.0" encoding="UTF-8"?>
<testsuite xmlns:xsi="http://www.w3.org/2001/XMLSchema-instance" xsi:noNamespaceSchemaLocation="https://maven.apache.org/surefire/maven-surefire-plugin/xsd/surefire-test-report-3.0.xsd" version="3.0" name="TestSuite" time="49.894" tests="4" errors="0" skipped="0" failures="0">
  <properties>
[...]
</properties>
  <testcase name="runScenario[&quot;Add new customer&quot;, &quot;Add customer test&quot;](1)" classname="testRunner.Run" time="17.755">
    <system-out><![CDATA[Setup-1 Sanity method executed
chrome
[DEBUG] Resolution chrome=103 in cache (valid until 19:22:20 26/07/2022 IST)
[DEBUG] Resolution chrome103=103.0.5060.134 in cache (valid until 21:50:19 26/07/2022 IST)
[INFO] Using chromedriver 103.0.5060.134 (resolved driver for Chrome 103)
[DEBUG] Driver chromedriver 103.0.5060.134 found in cache
[INFO] Exporting webdriver.chrome.driver as C:\Users\abrar\.cache\selenium\chromedriver\win32\103.0.5060.134\chromedriver.exe
[DEBUG] Using SLF4J as the default logging framework
[DEBUG] -Dio.netty.leakDetection.level: simple
[DEBUG] -Dio.netty.leakDetection.targetRecords: 4
[DEBUG] Loaded default ResourceLeakDetector: io.netty.util.ResourceLeakDetector@6d074b14
[DEBUG] -Dio.netty.noUnsafe: false
[DEBUG] Java version: 17
[DEBUG] sun.misc.Unsafe.theUnsafe: available
[DEBUG] sun.misc.Unsafe.copyMemory: available
[DEBUG] sun.misc.Unsafe.storeFence: available
[DEBUG] java.nio.Buffer.address: available
[DEBUG] direct buffer constructor: unavailable: Reflective setAccessible(true) disabled
[DEBUG] java.nio.Bits.unaligned: available, true
[DEBUG] jdk.internal.misc.Unsafe.allocateUninitializedArray(int): unavailable: class io.netty.util.internal.PlatformDependent0$7 cannot access class jdk.internal.misc.Unsafe (in module java.base) because module java.base does not export jdk.internal.misc to unnamed module @6b26e945
[DEBUG] java.nio.DirectByteBuffer.<init>(long, int): unavailable
[DEBUG] sun.misc.Unsafe: available
[DEBUG] maxDirectMemory: 2103443456 bytes (maybe)
[DEBUG] -Dio.netty.tmpdir: C:\Users\abrar\AppData\Local\Temp (java.io.tmpdir)
[DEBUG] -Dio.netty.bitMode: 64 (sun.arch.data.model)
[DEBUG] Platform: Windows
[DEBUG] -Dio.netty.maxDirectMemory: -1 bytes
[DEBUG] -Dio.netty.uninitializedArrayAllocationThreshold: -1
[DEBUG] java.nio.ByteBuffer.cleaner(): available
[DEBUG] -Dio.netty.noPreferDirect: false
[DEBUG] org.jctools-core.MpscChunkedArrayQueue: available
[DEBUG] -Dio.netty.threadLocalMap.stringBuilder.initialSize: 1024
[DEBUG] -Dio.netty.threadLocalMap.stringBuilder.maxSize: 4096
[DEBUG] Default protocols (JDK): [TLSv1.3, TLSv1.2] 
[DEBUG] Default cipher suites (JDK): [TLS_ECDHE_ECDSA_WITH_AES_256_GCM_SHA384, TLS_ECDHE_ECDSA_WITH_AES_128_GCM_SHA256, TLS_ECDHE_RSA_WITH_AES_128_GCM_SHA256, TLS_ECDHE_RSA_WITH_AES_256_GCM_SHA384, TLS_ECDHE_RSA_WITH_AES_128_CBC_SHA, TLS_ECDHE_RSA_WITH_AES_256_CBC_SHA, TLS_RSA_WITH_AES_128_GCM_SHA256, TLS_RSA_WITH_AES_128_CBC_SHA, TLS_RSA_WITH_AES_256_CBC_SHA, TLS_AES_128_GCM_SHA256, TLS_AES_256_GCM_SHA384]
[DEBUG] -Dio.netty.eventLoopThreads: 16
[DEBUG] -Dio.netty.noKeySetOptimization: false
[DEBUG] -Dio.netty.selectorAutoRebuildThreshold: 512
[DEBUG] -Dio.netty.allocator.numHeapArenas: 16
[DEBUG] -Dio.netty.allocator.numDirectArenas: 16
[DEBUG] -Dio.netty.allocator.pageSize: 8192
[DEBUG] -Dio.netty.allocator.maxOrder: 9
[DEBUG] -Dio.netty.allocator.chunkSize: 4194304
[DEBUG] -Dio.netty.allocator.smallCacheSize: 256
[DEBUG] -Dio.netty.allocator.normalCacheSize: 64
[DEBUG] -Dio.netty.allocator.maxCachedBufferCapacity: 32768
[DEBUG] -Dio.netty.allocator.cacheTrimInterval: 8192
[DEBUG] -Dio.netty.allocator.cacheTrimIntervalMillis: 0
[DEBUG] -Dio.netty.allocator.useCacheForAllThreads: false
[DEBUG] -Dio.netty.allocator.maxCachedByteBuffersPerChunk: 1023
[DEBUG] -Dio.netty.allocator.type: pooled
[DEBUG] -Dio.netty.threadLocalDirectBufferSize: 0
[DEBUG] -Dio.netty.maxThreadLocalCharBufferSize: 16384
[DEBUG] -Dio.netty.processId: 13840 (auto-detected)
[DEBUG] -Djava.net.preferIPv4Stack: false
[DEBUG] -Djava.net.preferIPv6Addresses: false
[DEBUG] Loopback interface: lo (Software Loopback Interface 1, 127.0.0.1)
[DEBUG] Failed to get SOMAXCONN from sysctl and file \proc\sys\net\core\somaxconn. Default: 200
[DEBUG] -Dio.netty.machineId: a8:7e:ea:ff:fe:83:b1:e8 (auto-detected)
[DEBUG] -Dio.netty.buffer.checkAccessible: true
[DEBUG] -Dio.netty.buffer.checkBounds: true
[DEBUG] Loaded default ResourceLeakDetector: io.netty.util.ResourceLeakDetector@3e99edeb
[DEBUG] Using new Channel '[id: 0x7b6c1fea, L:/127.0.0.1:50793 - R:localhost/127.0.0.1:59780]' for 'POST' to '/session'
[DEBUG] -Dio.netty.recycler.maxCapacityPerThread: 4096
[DEBUG] -Dio.netty.recycler.ratio: 8
[DEBUG] -Dio.netty.recycler.chunkSize: 32
[DEBUG] -Dio.netty.recycler.blocking: false
[DEBUG] brotli4j not in the classpath; Brotli support will be unavailable.
[DEBUG] 

Request DefaultHttpRequest(decodeResult: success, version: HTTP/1.1)
POST /session HTTP/1.1
User-Agent: selenium/4.2.1 (java windows)
Content-Length: 365
Content-Type: application/json; charset=utf-8
host: localhost:59780
accept: */*

Response DefaultHttpResponse(decodeResult: success, version: HTTP/1.1)
HTTP/1.1 200 OK
Content-Type: application/json; charset=utf-8
cache-control: no-cache
content-length: 793

[DEBUG] Adding key: http://localhost:59780 for channel [id: 0x7b6c1fea, L:/127.0.0.1:50793 - R:localhost/127.0.0.1:59780]
[DEBUG] Using new Channel '[id: 0x19704839, L:/127.0.0.1:50801 - R:localhost/127.0.0.1:50794]' for 'GET' to '/json/version'
[DEBUG] 

Request DefaultFullHttpRequest(decodeResult: success, version: HTTP/1.1, content: EmptyByteBufBE)
GET /json/version HTTP/1.1
User-Agent: selenium/4.2.1 (java windows)
host: localhost:50794
accept: */*

Response DefaultHttpResponse(decodeResult: success, version: HTTP/1.1)
HTTP/1.1 200 OK
Content-Type: application/json; charset=UTF-8
content-length: 429

[DEBUG] Adding key: http://localhost:50794 for channel [id: 0x19704839, L:/127.0.0.1:50801 - R:localhost/127.0.0.1:50794]
[DEBUG] -Dio.netty.initialSeedUniquifier: 0x2c1a39129abdf7a7
[DEBUG] Using new Channel '[id: 0xf3429e6e, L:/127.0.0.1:50803 - R:localhost/127.0.0.1:50794]' for 'GET' to '/devtools/browser/ae1c15d8-513b-4344-b870-d98be866d214'
[DEBUG] 

Request DefaultFullHttpRequest(decodeResult: success, version: HTTP/1.1, content: EmptyByteBufBE)
GET /devtools/browser/ae1c15d8-513b-4344-b870-d98be866d214 HTTP/1.1
upgrade: websocket
connection: upgrade
sec-websocket-key: pLBa/b1o8PDVZbNDosyTFg==
sec-websocket-version: 13
origin: http://localhost:50794
host: localhost:50794
accept: */*
user-agent: AHC/2.1

Response DefaultHttpResponse(decodeResult: success, version: HTTP/1.1)
HTTP/1.1 101 WebSocket Protocol Handshake
Upgrade: WebSocket
Connection: Upgrade
Sec-WebSocket-Accept: eono4EoFptOVDFW+u6VM6a8T4Xs=

[DEBUG] Using pooled Channel '[id: 0x7b6c1fea, L:/127.0.0.1:50793 - R:localhost/127.0.0.1:59780]' for 'POST' to 'http://localhost:59780/session/0bfda7d8296c4441c0e8773c259bdd4f/url'
[DEBUG] Using open Channel [id: 0x7b6c1fea, L:/127.0.0.1:50793 - R:localhost/127.0.0.1:59780] for POST '/session/0bfda7d8296c4441c0e8773c259bdd4f/url'
[DEBUG] Entry count for : http://localhost:50794 : 1
[DEBUG] Entry count for : http://localhost:50794 : 1
[DEBUG] Entry count for : http://localhost:50794 : 1
[DEBUG] 

Request DefaultHttpRequest(decodeResult: success, version: HTTP/1.1)
POST /session/0bfda7d8296c4441c0e8773c259bdd4f/url HTTP/1.1
User-Agent: selenium/4.2.1 (java windows)
Content-Length: 69
Content-Type: application/json; charset=utf-8
host: localhost:59780
accept: */*

Response DefaultHttpResponse(decodeResult: success, version: HTTP/1.1)
HTTP/1.1 200 OK
Content-Type: application/json; charset=utf-8
cache-control: no-cache
content-length: 14

[DEBUG] Adding key: http://localhost:59780 for channel [id: 0x7b6c1fea, L:/127.0.0.1:50793 - R:localhost/127.0.0.1:59780]
[DEBUG] Using pooled Channel '[id: 0x7b6c1fea, L:/127.0.0.1:50793 - R:localhost/127.0.0.1:59780]' for 'POST' to 'http://localhost:59780/session/0bfda7d8296c4441c0e8773c259bdd4f/element'
[DEBUG] Using open Channel [id: 0x7b6c1fea, L:/127.0.0.1:50793 - R:localhost/127.0.0.1:59780] for POST '/session/0bfda7d8296c4441c0e8773c259bdd4f/element'
[DEBUG] 

Request DefaultHttpRequest(decodeResult: success, version: HTTP/1.1)
POST /session/0bfda7d8296c4441c0e8773c259bdd4f/element HTTP/1.1
User-Agent: selenium/4.2.1 (java windows)
Content-Length: 50
Content-Type: application/json; charset=utf-8
host: localhost:59780
accept: */*

Response DefaultHttpResponse(decodeResult: success, version: HTTP/1.1)
HTTP/1.1 200 OK
Content-Type: application/json; charset=utf-8
cache-control: no-cache
content-length: 88

[DEBUG] Adding key: http://localhost:59780 for channel [id: 0x7b6c1fea, L:/127.0.0.1:50793 - R:localhost/127.0.0.1:59780]
[DEBUG] Using pooled Channel '[id: 0x7b6c1fea, L:/127.0.0.1:50793 - R:localhost/127.0.0.1:59780]' for 'POST' to 'http://localhost:59780/session/0bfda7d8296c4441c0e8773c259bdd4f/element/3b209495-b767-4eec-9bae-0bf046bf9ad6/clear'
[DEBUG] Using open Channel [id: 0x7b6c1fea, L:/127.0.0.1:50793 - R:localhost/127.0.0.1:59780] for POST '/session/0bfda7d8296c4441c0e8773c259bdd4f/element/3b209495-b767-4eec-9bae-0bf046bf9ad6/clear'
[DEBUG] 

Request DefaultHttpRequest(decodeResult: success, version: HTTP/1.1)
POST /session/0bfda7d8296c4441c0e8773c259bdd4f/element/3b209495-b767-4eec-9bae-0bf046bf9ad6/clear HTTP/1.1
User-Agent: selenium/4.2.1 (java windows)
Content-Length: 50
Content-Type: application/json; charset=utf-8
host: localhost:59780
accept: */*

Response DefaultHttpResponse(decodeResult: success, version: HTTP/1.1)
HTTP/1.1 200 OK
Content-Type: application/json; charset=utf-8
cache-control: no-cache
content-length: 14

[DEBUG] Adding key: http://localhost:59780 for channel [id: 0x7b6c1fea, L:/127.0.0.1:50793 - R:localhost/127.0.0.1:59780]
[DEBUG] Using pooled Channel '[id: 0x7b6c1fea, L:/127.0.0.1:50793 - R:localhost/127.0.0.1:59780]' for 'POST' to 'http://localhost:59780/session/0bfda7d8296c4441c0e8773c259bdd4f/element'
[DEBUG] Using open Channel [id: 0x7b6c1fea, L:/127.0.0.1:50793 - R:localhost/127.0.0.1:59780] for POST '/session/0bfda7d8296c4441c0e8773c259bdd4f/element'
[DEBUG] 

Request DefaultHttpRequest(decodeResult: success, version: HTTP/1.1)
POST /session/0bfda7d8296c4441c0e8773c259bdd4f/element HTTP/1.1
User-Agent: selenium/4.2.1 (java windows)
Content-Length: 50
Content-Type: application/json; charset=utf-8
host: localhost:59780
accept: */*

Response DefaultHttpResponse(decodeResult: success, version: HTTP/1.1)
HTTP/1.1 200 OK
Content-Type: application/json; charset=utf-8
cache-control: no-cache
content-length: 88

[DEBUG] Adding key: http://localhost:59780 for channel [id: 0x7b6c1fea, L:/127.0.0.1:50793 - R:localhost/127.0.0.1:59780]
[DEBUG] Using pooled Channel '[id: 0x7b6c1fea, L:/127.0.0.1:50793 - R:localhost/127.0.0.1:59780]' for 'POST' to 'http://localhost:59780/session/0bfda7d8296c4441c0e8773c259bdd4f/element/3b209495-b767-4eec-9bae-0bf046bf9ad6/value'
[DEBUG] Using open Channel [id: 0x7b6c1fea, L:/127.0.0.1:50793 - R:localhost/127.0.0.1:59780] for POST '/session/0bfda7d8296c4441c0e8773c259bdd4f/element/3b209495-b767-4eec-9bae-0bf046bf9ad6/value'
[DEBUG] 

Request DefaultHttpRequest(decodeResult: success, version: HTTP/1.1)
POST /session/0bfda7d8296c4441c0e8773c259bdd4f/element/3b209495-b767-4eec-9bae-0bf046bf9ad6/value HTTP/1.1
User-Agent: selenium/4.2.1 (java windows)
Content-Length: 271
Content-Type: application/json; charset=utf-8
host: localhost:59780
accept: */*

Response DefaultHttpResponse(decodeResult: success, version: HTTP/1.1)
HTTP/1.1 200 OK
Content-Type: application/json; charset=utf-8
cache-control: no-cache
content-length: 14

[DEBUG] Adding key: http://localhost:59780 for channel [id: 0x7b6c1fea, L:/127.0.0.1:50793 - R:localhost/127.0.0.1:59780]
[DEBUG] Using pooled Channel '[id: 0x7b6c1fea, L:/127.0.0.1:50793 - R:localhost/127.0.0.1:59780]' for 'POST' to 'http://localhost:59780/session/0bfda7d8296c4441c0e8773c259bdd4f/element'
[DEBUG] Using open Channel [id: 0x7b6c1fea, L:/127.0.0.1:50793 - R:localhost/127.0.0.1:59780] for POST '/session/0bfda7d8296c4441c0e8773c259bdd4f/element'
[DEBUG] 

Request DefaultHttpRequest(decodeResult: success, version: HTTP/1.1)
POST /session/0bfda7d8296c4441c0e8773c259bdd4f/element HTTP/1.1
User-Agent: selenium/4.2.1 (java windows)
Content-Length: 53
Content-Type: application/json; charset=utf-8
host: localhost:59780
accept: */*

Response DefaultHttpResponse(decodeResult: success, version: HTTP/1.1)
HTTP/1.1 200 OK
Content-Type: application/json; charset=utf-8
cache-control: no-cache
content-length: 88

[DEBUG] Adding key: http://localhost:59780 for channel [id: 0x7b6c1fea, L:/127.0.0.1:50793 - R:localhost/127.0.0.1:59780]
[DEBUG] Using pooled Channel '[id: 0x7b6c1fea, L:/127.0.0.1:50793 - R:localhost/127.0.0.1:59780]' for 'POST' to 'http://localhost:59780/session/0bfda7d8296c4441c0e8773c259bdd4f/element/2977e6cb-6a93-4c93-954c-9ee8a64a9c35/clear'
[DEBUG] Using open Channel [id: 0x7b6c1fea, L:/127.0.0.1:50793 - R:localhost/127.0.0.1:59780] for POST '/session/0bfda7d8296c4441c0e8773c259bdd4f/element/2977e6cb-6a93-4c93-954c-9ee8a64a9c35/clear'
[DEBUG] 

Request DefaultHttpRequest(decodeResult: success, version: HTTP/1.1)
POST /session/0bfda7d8296c4441c0e8773c259bdd4f/element/2977e6cb-6a93-4c93-954c-9ee8a64a9c35/clear HTTP/1.1
User-Agent: selenium/4.2.1 (java windows)
Content-Length: 50
Content-Type: application/json; charset=utf-8
host: localhost:59780
accept: */*

Response DefaultHttpResponse(decodeResult: success, version: HTTP/1.1)
HTTP/1.1 200 OK
Content-Type: application/json; charset=utf-8
cache-control: no-cache
content-length: 14

[DEBUG] Adding key: http://localhost:59780 for channel [id: 0x7b6c1fea, L:/127.0.0.1:50793 - R:localhost/127.0.0.1:59780]
[DEBUG] Using pooled Channel '[id: 0x7b6c1fea, L:/127.0.0.1:50793 - R:localhost/127.0.0.1:59780]' for 'POST' to 'http://localhost:59780/session/0bfda7d8296c4441c0e8773c259bdd4f/element'
[DEBUG] Using open Channel [id: 0x7b6c1fea, L:/127.0.0.1:50793 - R:localhost/127.0.0.1:59780] for POST '/session/0bfda7d8296c4441c0e8773c259bdd4f/element'
[DEBUG] 

Request DefaultHttpRequest(decodeResult: success, version: HTTP/1.1)
POST /session/0bfda7d8296c4441c0e8773c259bdd4f/element HTTP/1.1
User-Agent: selenium/4.2.1 (java windows)
Content-Length: 53
Content-Type: application/json; charset=utf-8
host: localhost:59780
accept: */*

Response DefaultHttpResponse(decodeResult: success, version: HTTP/1.1)
HTTP/1.1 200 OK
Content-Type: application/json; charset=utf-8
cache-control: no-cache
content-length: 88

[DEBUG] Adding key: http://localhost:59780 for channel [id: 0x7b6c1fea, L:/127.0.0.1:50793 - R:localhost/127.0.0.1:59780]
[DEBUG] Using pooled Channel '[id: 0x7b6c1fea, L:/127.0.0.1:50793 - R:localhost/127.0.0.1:59780]' for 'POST' to 'http://localhost:59780/session/0bfda7d8296c4441c0e8773c259bdd4f/element/2977e6cb-6a93-4c93-954c-9ee8a64a9c35/value'
[DEBUG] Using open Channel [id: 0x7b6c1fea, L:/127.0.0.1:50793 - R:localhost/127.0.0.1:59780] for POST '/session/0bfda7d8296c4441c0e8773c259bdd4f/element/2977e6cb-6a93-4c93-954c-9ee8a64a9c35/value'
[DEBUG] 

Request DefaultHttpRequest(decodeResult: success, version: HTTP/1.1)
POST /session/0bfda7d8296c4441c0e8773c259bdd4f/element/2977e6cb-6a93-4c93-954c-9ee8a64a9c35/value HTTP/1.1
User-Agent: selenium/4.2.1 (java windows)
Content-Length: 131
Content-Type: application/json; charset=utf-8
host: localhost:59780
accept: */*

Response DefaultHttpResponse(decodeResult: success, version: HTTP/1.1)
HTTP/1.1 200 OK
Content-Type: application/json; charset=utf-8
cache-control: no-cache
content-length: 14

[DEBUG] Adding key: http://localhost:59780 for channel [id: 0x7b6c1fea, L:/127.0.0.1:50793 - R:localhost/127.0.0.1:59780]
[DEBUG] Using pooled Channel '[id: 0x7b6c1fea, L:/127.0.0.1:50793 - R:localhost/127.0.0.1:59780]' for 'POST' to 'http://localhost:59780/session/0bfda7d8296c4441c0e8773c259bdd4f/element'
[DEBUG] Using open Channel [id: 0x7b6c1fea, L:/127.0.0.1:50793 - R:localhost/127.0.0.1:59780] for POST '/session/0bfda7d8296c4441c0e8773c259bdd4f/element'
[DEBUG] 

Request DefaultHttpRequest(decodeResult: success, version: HTTP/1.1)
POST /session/0bfda7d8296c4441c0e8773c259bdd4f/element HTTP/1.1
User-Agent: selenium/4.2.1 (java windows)
Content-Length: 87
Content-Type: application/json; charset=utf-8
host: localhost:59780
accept: */*

Response DefaultHttpResponse(decodeResult: success, version: HTTP/1.1)
HTTP/1.1 200 OK
Content-Type: application/json; charset=utf-8
cache-control: no-cache
content-length: 88

[DEBUG] Adding key: http://localhost:59780 for channel [id: 0x7b6c1fea, L:/127.0.0.1:50793 - R:localhost/127.0.0.1:59780]
[DEBUG] Using pooled Channel '[id: 0x7b6c1fea, L:/127.0.0.1:50793 - R:localhost/127.0.0.1:59780]' for 'POST' to 'http://localhost:59780/session/0bfda7d8296c4441c0e8773c259bdd4f/element/cf66a1b8-30bb-4b69-aca2-a5a0bc84e8ec/click'
[DEBUG] Using open Channel [id: 0x7b6c1fea, L:/127.0.0.1:50793 - R:localhost/127.0.0.1:59780] for POST '/session/0bfda7d8296c4441c0e8773c259bdd4f/element/cf66a1b8-30bb-4b69-aca2-a5a0bc84e8ec/click'
[DEBUG] Entry count for : http://localhost:50794 : 1
[DEBUG] Entry count for : http://localhost:50794 : 1
[DEBUG] Entry count for : http://localhost:50794 : 1
[DEBUG] Entry count for : http://localhost:50794 : 1
[DEBUG] 

Request DefaultHttpRequest(decodeResult: success, version: HTTP/1.1)
POST /session/0bfda7d8296c4441c0e8773c259bdd4f/element/cf66a1b8-30bb-4b69-aca2-a5a0bc84e8ec/click HTTP/1.1
User-Agent: selenium/4.2.1 (java windows)
Content-Length: 50
Content-Type: application/json; charset=utf-8
host: localhost:59780
accept: */*

Response DefaultHttpResponse(decodeResult: success, version: HTTP/1.1)
HTTP/1.1 200 OK
Content-Type: application/json; charset=utf-8
cache-control: no-cache
content-length: 14

[DEBUG] Adding key: http://localhost:59780 for channel [id: 0x7b6c1fea, L:/127.0.0.1:50793 - R:localhost/127.0.0.1:59780]
[DEBUG] Using pooled Channel '[id: 0x7b6c1fea, L:/127.0.0.1:50793 - R:localhost/127.0.0.1:59780]' for 'GET' to 'http://localhost:59780/session/0bfda7d8296c4441c0e8773c259bdd4f/title'
[DEBUG] Using open Channel [id: 0x7b6c1fea, L:/127.0.0.1:50793 - R:localhost/127.0.0.1:59780] for GET '/session/0bfda7d8296c4441c0e8773c259bdd4f/title'
[DEBUG] 

Request DefaultFullHttpRequest(decodeResult: success, version: HTTP/1.1, content: EmptyByteBufBE)
GET /session/0bfda7d8296c4441c0e8773c259bdd4f/title HTTP/1.1
User-Agent: selenium/4.2.1 (java windows)
Cache-Control: no-cache
Content-Type: application/json; charset=utf-8
host: localhost:59780
accept: */*

Response DefaultHttpResponse(decodeResult: success, version: HTTP/1.1)
HTTP/1.1 200 OK
Content-Type: application/json; charset=utf-8
cache-control: no-cache
content-length: 50

[DEBUG] Adding key: http://localhost:59780 for channel [id: 0x7b6c1fea, L:/127.0.0.1:50793 - R:localhost/127.0.0.1:59780]
[DEBUG] Using pooled Channel '[id: 0x7b6c1fea, L:/127.0.0.1:50793 - R:localhost/127.0.0.1:59780]' for 'POST' to 'http://localhost:59780/session/0bfda7d8296c4441c0e8773c259bdd4f/element'
[DEBUG] Using open Channel [id: 0x7b6c1fea, L:/127.0.0.1:50793 - R:localhost/127.0.0.1:59780] for POST '/session/0bfda7d8296c4441c0e8773c259bdd4f/element'
[DEBUG] 

Request DefaultHttpRequest(decodeResult: success, version: HTTP/1.1)
POST /session/0bfda7d8296c4441c0e8773c259bdd4f/element HTTP/1.1
User-Agent: selenium/4.2.1 (java windows)
Content-Length: 104
Content-Type: application/json; charset=utf-8
host: localhost:59780
accept: */*

Response DefaultHttpResponse(decodeResult: success, version: HTTP/1.1)
HTTP/1.1 200 OK
Content-Type: application/json; charset=utf-8
cache-control: no-cache
content-length: 88

[DEBUG] Adding key: http://localhost:59780 for channel [id: 0x7b6c1fea, L:/127.0.0.1:50793 - R:localhost/127.0.0.1:59780]
[DEBUG] Using pooled Channel '[id: 0x7b6c1fea, L:/127.0.0.1:50793 - R:localhost/127.0.0.1:59780]' for 'POST' to 'http://localhost:59780/session/0bfda7d8296c4441c0e8773c259bdd4f/element/d754d2b2-2a28-4e1f-9294-abbeb21cbe4d/click'
[DEBUG] Using open Channel [id: 0x7b6c1fea, L:/127.0.0.1:50793 - R:localhost/127.0.0.1:59780] for POST '/session/0bfda7d8296c4441c0e8773c259bdd4f/element/d754d2b2-2a28-4e1f-9294-abbeb21cbe4d/click'
[DEBUG] 

Request DefaultHttpRequest(decodeResult: success, version: HTTP/1.1)
POST /session/0bfda7d8296c4441c0e8773c259bdd4f/element/d754d2b2-2a28-4e1f-9294-abbeb21cbe4d/click HTTP/1.1
User-Agent: selenium/4.2.1 (java windows)
Content-Length: 50
Content-Type: application/json; charset=utf-8
host: localhost:59780
accept: */*

Response DefaultHttpResponse(decodeResult: success, version: HTTP/1.1)
HTTP/1.1 200 OK
Content-Type: application/json; charset=utf-8
cache-control: no-cache
content-length: 14

[DEBUG] Adding key: http://localhost:59780 for channel [id: 0x7b6c1fea, L:/127.0.0.1:50793 - R:localhost/127.0.0.1:59780]
[DEBUG] Using pooled Channel '[id: 0x7b6c1fea, L:/127.0.0.1:50793 - R:localhost/127.0.0.1:59780]' for 'POST' to 'http://localhost:59780/session/0bfda7d8296c4441c0e8773c259bdd4f/element'
[DEBUG] Using open Channel [id: 0x7b6c1fea, L:/127.0.0.1:50793 - R:localhost/127.0.0.1:59780] for POST '/session/0bfda7d8296c4441c0e8773c259bdd4f/element'
[DEBUG] 

Request DefaultHttpRequest(decodeResult: success, version: HTTP/1.1)
POST /session/0bfda7d8296c4441c0e8773c259bdd4f/element HTTP/1.1
User-Agent: selenium/4.2.1 (java windows)
Content-Length: 138
Content-Type: application/json; charset=utf-8
host: localhost:59780
accept: */*

Response DefaultHttpResponse(decodeResult: success, version: HTTP/1.1)
HTTP/1.1 200 OK
Content-Type: application/json; charset=utf-8
cache-control: no-cache
content-length: 88

[DEBUG] Adding key: http://localhost:59780 for channel [id: 0x7b6c1fea, L:/127.0.0.1:50793 - R:localhost/127.0.0.1:59780]
[DEBUG] Using pooled Channel '[id: 0x7b6c1fea, L:/127.0.0.1:50793 - R:localhost/127.0.0.1:59780]' for 'POST' to 'http://localhost:59780/session/0bfda7d8296c4441c0e8773c259bdd4f/element/1f567cef-0af2-43e2-bc83-9e6f4889a2b9/click'
[DEBUG] Using open Channel [id: 0x7b6c1fea, L:/127.0.0.1:50793 - R:localhost/127.0.0.1:59780] for POST '/session/0bfda7d8296c4441c0e8773c259bdd4f/element/1f567cef-0af2-43e2-bc83-9e6f4889a2b9/click'
[DEBUG] Entry count for : http://localhost:50794 : 1
[DEBUG] Entry count for : http://localhost:50794 : 1
[DEBUG] 

Request DefaultHttpRequest(decodeResult: success, version: HTTP/1.1)
POST /session/0bfda7d8296c4441c0e8773c259bdd4f/element/1f567cef-0af2-43e2-bc83-9e6f4889a2b9/click HTTP/1.1
User-Agent: selenium/4.2.1 (java windows)
Content-Length: 50
Content-Type: application/json; charset=utf-8
host: localhost:59780
accept: */*

Response DefaultHttpResponse(decodeResult: success, version: HTTP/1.1)
HTTP/1.1 200 OK
Content-Type: application/json; charset=utf-8
cache-control: no-cache
content-length: 14

[DEBUG] Adding key: http://localhost:59780 for channel [id: 0x7b6c1fea, L:/127.0.0.1:50793 - R:localhost/127.0.0.1:59780]
[DEBUG] Using pooled Channel '[id: 0x7b6c1fea, L:/127.0.0.1:50793 - R:localhost/127.0.0.1:59780]' for 'POST' to 'http://localhost:59780/session/0bfda7d8296c4441c0e8773c259bdd4f/element'
[DEBUG] Using open Channel [id: 0x7b6c1fea, L:/127.0.0.1:50793 - R:localhost/127.0.0.1:59780] for POST '/session/0bfda7d8296c4441c0e8773c259bdd4f/element'
[DEBUG] 

Request DefaultHttpRequest(decodeResult: success, version: HTTP/1.1)
POST /session/0bfda7d8296c4441c0e8773c259bdd4f/element HTTP/1.1
User-Agent: selenium/4.2.1 (java windows)
Content-Length: 76
Content-Type: application/json; charset=utf-8
host: localhost:59780
accept: */*

Response DefaultHttpResponse(decodeResult: success, version: HTTP/1.1)
HTTP/1.1 200 OK
Content-Type: application/json; charset=utf-8
cache-control: no-cache
content-length: 88

[DEBUG] Adding key: http://localhost:59780 for channel [id: 0x7b6c1fea, L:/127.0.0.1:50793 - R:localhost/127.0.0.1:59780]
[DEBUG] Using pooled Channel '[id: 0x7b6c1fea, L:/127.0.0.1:50793 - R:localhost/127.0.0.1:59780]' for 'POST' to 'http://localhost:59780/session/0bfda7d8296c4441c0e8773c259bdd4f/element/353891b4-3bd8-4402-8f9c-f8c1aebaf691/click'
[DEBUG] Using open Channel [id: 0x7b6c1fea, L:/127.0.0.1:50793 - R:localhost/127.0.0.1:59780] for POST '/session/0bfda7d8296c4441c0e8773c259bdd4f/element/353891b4-3bd8-4402-8f9c-f8c1aebaf691/click'
[DEBUG] Entry count for : http://localhost:50794 : 1
[DEBUG] 

Request DefaultHttpRequest(decodeResult: success, version: HTTP/1.1)
POST /session/0bfda7d8296c4441c0e8773c259bdd4f/element/353891b4-3bd8-4402-8f9c-f8c1aebaf691/click HTTP/1.1
User-Agent: selenium/4.2.1 (java windows)
Content-Length: 50
Content-Type: application/json; charset=utf-8
host: localhost:59780
accept: */*

Response DefaultHttpResponse(decodeResult: success, version: HTTP/1.1)
HTTP/1.1 200 OK
Content-Type: application/json; charset=utf-8
cache-control: no-cache
content-length: 14

[DEBUG] Adding key: http://localhost:59780 for channel [id: 0x7b6c1fea, L:/127.0.0.1:50793 - R:localhost/127.0.0.1:59780]
[DEBUG] Using pooled Channel '[id: 0x7b6c1fea, L:/127.0.0.1:50793 - R:localhost/127.0.0.1:59780]' for 'GET' to 'http://localhost:59780/session/0bfda7d8296c4441c0e8773c259bdd4f/title'
[DEBUG] Using open Channel [id: 0x7b6c1fea, L:/127.0.0.1:50793 - R:localhost/127.0.0.1:59780] for GET '/session/0bfda7d8296c4441c0e8773c259bdd4f/title'
[DEBUG] 

Request DefaultFullHttpRequest(decodeResult: success, version: HTTP/1.1, content: EmptyByteBufBE)
GET /session/0bfda7d8296c4441c0e8773c259bdd4f/title HTTP/1.1
User-Agent: selenium/4.2.1 (java windows)
Cache-Control: no-cache
Content-Type: application/json; charset=utf-8
host: localhost:59780
accept: */*

Response DefaultHttpResponse(decodeResult: success, version: HTTP/1.1)
HTTP/1.1 200 OK
Content-Type: application/json; charset=utf-8
cache-control: no-cache
content-length: 59

[DEBUG] Adding key: http://localhost:59780 for channel [id: 0x7b6c1fea, L:/127.0.0.1:50793 - R:localhost/127.0.0.1:59780]
[DEBUG] Using pooled Channel '[id: 0x7b6c1fea, L:/127.0.0.1:50793 - R:localhost/127.0.0.1:59780]' for 'POST' to 'http://localhost:59780/session/0bfda7d8296c4441c0e8773c259bdd4f/element'
[DEBUG] Using open Channel [id: 0x7b6c1fea, L:/127.0.0.1:50793 - R:localhost/127.0.0.1:59780] for POST '/session/0bfda7d8296c4441c0e8773c259bdd4f/element'
[DEBUG] 

Request DefaultHttpRequest(decodeResult: success, version: HTTP/1.1)
POST /session/0bfda7d8296c4441c0e8773c259bdd4f/element HTTP/1.1
User-Agent: selenium/4.2.1 (java windows)
Content-Length: 67
Content-Type: application/json; charset=utf-8
host: localhost:59780
accept: */*

Response DefaultHttpResponse(decodeResult: success, version: HTTP/1.1)
HTTP/1.1 200 OK
Content-Type: application/json; charset=utf-8
cache-control: no-cache
content-length: 88

[DEBUG] Adding key: http://localhost:59780 for channel [id: 0x7b6c1fea, L:/127.0.0.1:50793 - R:localhost/127.0.0.1:59780]
[DEBUG] Using pooled Channel '[id: 0x7b6c1fea, L:/127.0.0.1:50793 - R:localhost/127.0.0.1:59780]' for 'POST' to 'http://localhost:59780/session/0bfda7d8296c4441c0e8773c259bdd4f/element/b632fa39-b01f-4ce9-9cb2-f2b8c86be723/value'
[DEBUG] Using open Channel [id: 0x7b6c1fea, L:/127.0.0.1:50793 - R:localhost/127.0.0.1:59780] for POST '/session/0bfda7d8296c4441c0e8773c259bdd4f/element/b632fa39-b01f-4ce9-9cb2-f2b8c86be723/value'
[DEBUG] 

Request DefaultHttpRequest(decodeResult: success, version: HTTP/1.1)
POST /session/0bfda7d8296c4441c0e8773c259bdd4f/element/b632fa39-b01f-4ce9-9cb2-f2b8c86be723/value HTTP/1.1
User-Agent: selenium/4.2.1 (java windows)
Content-Length: 241
Content-Type: application/json; charset=utf-8
host: localhost:59780
accept: */*

Response DefaultHttpResponse(decodeResult: success, version: HTTP/1.1)
HTTP/1.1 200 OK
Content-Type: application/json; charset=utf-8
cache-control: no-cache
content-length: 14

[DEBUG] Adding key: http://localhost:59780 for channel [id: 0x7b6c1fea, L:/127.0.0.1:50793 - R:localhost/127.0.0.1:59780]
[DEBUG] Using pooled Channel '[id: 0x7b6c1fea, L:/127.0.0.1:50793 - R:localhost/127.0.0.1:59780]' for 'POST' to 'http://localhost:59780/session/0bfda7d8296c4441c0e8773c259bdd4f/element'
[DEBUG] Using open Channel [id: 0x7b6c1fea, L:/127.0.0.1:50793 - R:localhost/127.0.0.1:59780] for POST '/session/0bfda7d8296c4441c0e8773c259bdd4f/element'
[DEBUG] Entry count for : http://localhost:50794 : 1
[DEBUG] 

Request DefaultHttpRequest(decodeResult: success, version: HTTP/1.1)
POST /session/0bfda7d8296c4441c0e8773c259bdd4f/element HTTP/1.1
User-Agent: selenium/4.2.1 (java windows)
Content-Length: 70
Content-Type: application/json; charset=utf-8
host: localhost:59780
accept: */*

Response DefaultHttpResponse(decodeResult: success, version: HTTP/1.1)
HTTP/1.1 200 OK
Content-Type: application/json; charset=utf-8
cache-control: no-cache
content-length: 88

[DEBUG] Adding key: http://localhost:59780 for channel [id: 0x7b6c1fea, L:/127.0.0.1:50793 - R:localhost/127.0.0.1:59780]
[DEBUG] Using pooled Channel '[id: 0x7b6c1fea, L:/127.0.0.1:50793 - R:localhost/127.0.0.1:59780]' for 'POST' to 'http://localhost:59780/session/0bfda7d8296c4441c0e8773c259bdd4f/element/87366d42-dfae-47f1-a97b-22d2dd8612d8/value'
[DEBUG] Using open Channel [id: 0x7b6c1fea, L:/127.0.0.1:50793 - R:localhost/127.0.0.1:59780] for POST '/session/0bfda7d8296c4441c0e8773c259bdd4f/element/87366d42-dfae-47f1-a97b-22d2dd8612d8/value'
[DEBUG] 

Request DefaultHttpRequest(decodeResult: success, version: HTTP/1.1)
POST /session/0bfda7d8296c4441c0e8773c259bdd4f/element/87366d42-dfae-47f1-a97b-22d2dd8612d8/value HTTP/1.1
User-Agent: selenium/4.2.1 (java windows)
Content-Length: 161
Content-Type: application/json; charset=utf-8
host: localhost:59780
accept: */*

Response DefaultHttpResponse(decodeResult: success, version: HTTP/1.1)
HTTP/1.1 200 OK
Content-Type: application/json; charset=utf-8
cache-control: no-cache
content-length: 14

[DEBUG] Adding key: http://localhost:59780 for channel [id: 0x7b6c1fea, L:/127.0.0.1:50793 - R:localhost/127.0.0.1:59780]
[DEBUG] Using pooled Channel '[id: 0x7b6c1fea, L:/127.0.0.1:50793 - R:localhost/127.0.0.1:59780]' for 'POST' to 'http://localhost:59780/session/0bfda7d8296c4441c0e8773c259bdd4f/element'
[DEBUG] Using open Channel [id: 0x7b6c1fea, L:/127.0.0.1:50793 - R:localhost/127.0.0.1:59780] for POST '/session/0bfda7d8296c4441c0e8773c259bdd4f/element'
[DEBUG] 

Request DefaultHttpRequest(decodeResult: success, version: HTTP/1.1)
POST /session/0bfda7d8296c4441c0e8773c259bdd4f/element HTTP/1.1
User-Agent: selenium/4.2.1 (java windows)
Content-Length: 71
Content-Type: application/json; charset=utf-8
host: localhost:59780
accept: */*

Response DefaultHttpResponse(decodeResult: success, version: HTTP/1.1)
HTTP/1.1 200 OK
Content-Type: application/json; charset=utf-8
cache-control: no-cache
content-length: 88

[DEBUG] Adding key: http://localhost:59780 for channel [id: 0x7b6c1fea, L:/127.0.0.1:50793 - R:localhost/127.0.0.1:59780]
[DEBUG] Using pooled Channel '[id: 0x7b6c1fea, L:/127.0.0.1:50793 - R:localhost/127.0.0.1:59780]' for 'POST' to 'http://localhost:59780/session/0bfda7d8296c4441c0e8773c259bdd4f/element/212caabf-eab3-4316-a52c-bc8ff19af2e3/value'
[DEBUG] Using open Channel [id: 0x7b6c1fea, L:/127.0.0.1:50793 - R:localhost/127.0.0.1:59780] for POST '/session/0bfda7d8296c4441c0e8773c259bdd4f/element/212caabf-eab3-4316-a52c-bc8ff19af2e3/value'
[DEBUG] 

Request DefaultHttpRequest(decodeResult: success, version: HTTP/1.1)
POST /session/0bfda7d8296c4441c0e8773c259bdd4f/element/212caabf-eab3-4316-a52c-bc8ff19af2e3/value HTTP/1.1
User-Agent: selenium/4.2.1 (java windows)
Content-Length: 131
Content-Type: application/json; charset=utf-8
host: localhost:59780
accept: */*

Response DefaultHttpResponse(decodeResult: success, version: HTTP/1.1)
HTTP/1.1 200 OK
Content-Type: application/json; charset=utf-8
cache-control: no-cache
content-length: 14

[DEBUG] Adding key: http://localhost:59780 for channel [id: 0x7b6c1fea, L:/127.0.0.1:50793 - R:localhost/127.0.0.1:59780]
[DEBUG] Using pooled Channel '[id: 0x7b6c1fea, L:/127.0.0.1:50793 - R:localhost/127.0.0.1:59780]' for 'POST' to 'http://localhost:59780/session/0bfda7d8296c4441c0e8773c259bdd4f/element'
[DEBUG] Using open Channel [id: 0x7b6c1fea, L:/127.0.0.1:50793 - R:localhost/127.0.0.1:59780] for POST '/session/0bfda7d8296c4441c0e8773c259bdd4f/element'
[DEBUG] 

Request DefaultHttpRequest(decodeResult: success, version: HTTP/1.1)
POST /session/0bfda7d8296c4441c0e8773c259bdd4f/element HTTP/1.1
User-Agent: selenium/4.2.1 (java windows)
Content-Length: 70
Content-Type: application/json; charset=utf-8
host: localhost:59780
accept: */*

Response DefaultHttpResponse(decodeResult: success, version: HTTP/1.1)
HTTP/1.1 200 OK
Content-Type: application/json; charset=utf-8
cache-control: no-cache
content-length: 88

[DEBUG] Adding key: http://localhost:59780 for channel [id: 0x7b6c1fea, L:/127.0.0.1:50793 - R:localhost/127.0.0.1:59780]
[DEBUG] Using pooled Channel '[id: 0x7b6c1fea, L:/127.0.0.1:50793 - R:localhost/127.0.0.1:59780]' for 'POST' to 'http://localhost:59780/session/0bfda7d8296c4441c0e8773c259bdd4f/element/a3af9c6e-c9c5-4011-9ec2-f85c11a6740e/value'
[DEBUG] Using open Channel [id: 0x7b6c1fea, L:/127.0.0.1:50793 - R:localhost/127.0.0.1:59780] for POST '/session/0bfda7d8296c4441c0e8773c259bdd4f/element/a3af9c6e-c9c5-4011-9ec2-f85c11a6740e/value'
[DEBUG] 

Request DefaultHttpRequest(decodeResult: success, version: HTTP/1.1)
POST /session/0bfda7d8296c4441c0e8773c259bdd4f/element/a3af9c6e-c9c5-4011-9ec2-f85c11a6740e/value HTTP/1.1
User-Agent: selenium/4.2.1 (java windows)
Content-Length: 131
Content-Type: application/json; charset=utf-8
host: localhost:59780
accept: */*

Response DefaultHttpResponse(decodeResult: success, version: HTTP/1.1)
HTTP/1.1 200 OK
Content-Type: application/json; charset=utf-8
cache-control: no-cache
content-length: 14

[DEBUG] Adding key: http://localhost:59780 for channel [id: 0x7b6c1fea, L:/127.0.0.1:50793 - R:localhost/127.0.0.1:59780]
[DEBUG] Using pooled Channel '[id: 0x7b6c1fea, L:/127.0.0.1:50793 - R:localhost/127.0.0.1:59780]' for 'POST' to 'http://localhost:59780/session/0bfda7d8296c4441c0e8773c259bdd4f/element'
[DEBUG] Using open Channel [id: 0x7b6c1fea, L:/127.0.0.1:50793 - R:localhost/127.0.0.1:59780] for POST '/session/0bfda7d8296c4441c0e8773c259bdd4f/element'
[DEBUG] 

Request DefaultHttpRequest(decodeResult: success, version: HTTP/1.1)
POST /session/0bfda7d8296c4441c0e8773c259bdd4f/element HTTP/1.1
User-Agent: selenium/4.2.1 (java windows)
Content-Length: 56
Content-Type: application/json; charset=utf-8
host: localhost:59780
accept: */*

Response DefaultHttpResponse(decodeResult: success, version: HTTP/1.1)
HTTP/1.1 200 OK
Content-Type: application/json; charset=utf-8
cache-control: no-cache
content-length: 88

[DEBUG] Adding key: http://localhost:59780 for channel [id: 0x7b6c1fea, L:/127.0.0.1:50793 - R:localhost/127.0.0.1:59780]
[DEBUG] Using pooled Channel '[id: 0x7b6c1fea, L:/127.0.0.1:50793 - R:localhost/127.0.0.1:59780]' for 'POST' to 'http://localhost:59780/session/0bfda7d8296c4441c0e8773c259bdd4f/element/7fc97027-0a85-462f-a326-fa424a9771b8/click'
[DEBUG] Using open Channel [id: 0x7b6c1fea, L:/127.0.0.1:50793 - R:localhost/127.0.0.1:59780] for POST '/session/0bfda7d8296c4441c0e8773c259bdd4f/element/7fc97027-0a85-462f-a326-fa424a9771b8/click'
[DEBUG] 

Request DefaultHttpRequest(decodeResult: success, version: HTTP/1.1)
POST /session/0bfda7d8296c4441c0e8773c259bdd4f/element/7fc97027-0a85-462f-a326-fa424a9771b8/click HTTP/1.1
User-Agent: selenium/4.2.1 (java windows)
Content-Length: 50
Content-Type: application/json; charset=utf-8
host: localhost:59780
accept: */*

Response DefaultHttpResponse(decodeResult: success, version: HTTP/1.1)
HTTP/1.1 200 OK
Content-Type: application/json; charset=utf-8
cache-control: no-cache
content-length: 14

[DEBUG] Adding key: http://localhost:59780 for channel [id: 0x7b6c1fea, L:/127.0.0.1:50793 - R:localhost/127.0.0.1:59780]
[DEBUG] Using pooled Channel '[id: 0x7b6c1fea, L:/127.0.0.1:50793 - R:localhost/127.0.0.1:59780]' for 'POST' to 'http://localhost:59780/session/0bfda7d8296c4441c0e8773c259bdd4f/element'
[DEBUG] Using open Channel [id: 0x7b6c1fea, L:/127.0.0.1:50793 - R:localhost/127.0.0.1:59780] for POST '/session/0bfda7d8296c4441c0e8773c259bdd4f/element'
[DEBUG] 

Request DefaultHttpRequest(decodeResult: success, version: HTTP/1.1)
POST /session/0bfda7d8296c4441c0e8773c259bdd4f/element HTTP/1.1
User-Agent: selenium/4.2.1 (java windows)
Content-Length: 73
Content-Type: application/json; charset=utf-8
host: localhost:59780
accept: */*

Response DefaultHttpResponse(decodeResult: success, version: HTTP/1.1)
HTTP/1.1 200 OK
Content-Type: application/json; charset=utf-8
cache-control: no-cache
content-length: 88

[DEBUG] Adding key: http://localhost:59780 for channel [id: 0x7b6c1fea, L:/127.0.0.1:50793 - R:localhost/127.0.0.1:59780]
[DEBUG] Using pooled Channel '[id: 0x7b6c1fea, L:/127.0.0.1:50793 - R:localhost/127.0.0.1:59780]' for 'POST' to 'http://localhost:59780/session/0bfda7d8296c4441c0e8773c259bdd4f/element/b159e707-6393-4923-a4a0-8e7bb1f0c6c1/value'
[DEBUG] Using open Channel [id: 0x7b6c1fea, L:/127.0.0.1:50793 - R:localhost/127.0.0.1:59780] for POST '/session/0bfda7d8296c4441c0e8773c259bdd4f/element/b159e707-6393-4923-a4a0-8e7bb1f0c6c1/value'
[DEBUG] 

Request DefaultHttpRequest(decodeResult: success, version: HTTP/1.1)
POST /session/0bfda7d8296c4441c0e8773c259bdd4f/element/b159e707-6393-4923-a4a0-8e7bb1f0c6c1/value HTTP/1.1
User-Agent: selenium/4.2.1 (java windows)
Content-Length: 191
Content-Type: application/json; charset=utf-8
host: localhost:59780
accept: */*

Response DefaultHttpResponse(decodeResult: success, version: HTTP/1.1)
HTTP/1.1 200 OK
Content-Type: application/json; charset=utf-8
cache-control: no-cache
content-length: 14

[DEBUG] Adding key: http://localhost:59780 for channel [id: 0x7b6c1fea, L:/127.0.0.1:50793 - R:localhost/127.0.0.1:59780]
[DEBUG] Using pooled Channel '[id: 0x7b6c1fea, L:/127.0.0.1:50793 - R:localhost/127.0.0.1:59780]' for 'POST' to 'http://localhost:59780/session/0bfda7d8296c4441c0e8773c259bdd4f/element'
[DEBUG] Using open Channel [id: 0x7b6c1fea, L:/127.0.0.1:50793 - R:localhost/127.0.0.1:59780] for POST '/session/0bfda7d8296c4441c0e8773c259bdd4f/element'
[DEBUG] 

Request DefaultHttpRequest(decodeResult: success, version: HTTP/1.1)
POST /session/0bfda7d8296c4441c0e8773c259bdd4f/element HTTP/1.1
User-Agent: selenium/4.2.1 (java windows)
Content-Length: 69
Content-Type: application/json; charset=utf-8
host: localhost:59780
accept: */*

Response DefaultHttpResponse(decodeResult: success, version: HTTP/1.1)
HTTP/1.1 200 OK
Content-Type: application/json; charset=utf-8
cache-control: no-cache
content-length: 88

[DEBUG] Adding key: http://localhost:59780 for channel [id: 0x7b6c1fea, L:/127.0.0.1:50793 - R:localhost/127.0.0.1:59780]
[DEBUG] Using pooled Channel '[id: 0x7b6c1fea, L:/127.0.0.1:50793 - R:localhost/127.0.0.1:59780]' for 'POST' to 'http://localhost:59780/session/0bfda7d8296c4441c0e8773c259bdd4f/element/6072fdf8-2187-452f-ad52-68c04f36c41f/value'
[DEBUG] Using open Channel [id: 0x7b6c1fea, L:/127.0.0.1:50793 - R:localhost/127.0.0.1:59780] for POST '/session/0bfda7d8296c4441c0e8773c259bdd4f/element/6072fdf8-2187-452f-ad52-68c04f36c41f/value'
[DEBUG] 

Request DefaultHttpRequest(decodeResult: success, version: HTTP/1.1)
POST /session/0bfda7d8296c4441c0e8773c259bdd4f/element/6072fdf8-2187-452f-ad52-68c04f36c41f/value HTTP/1.1
User-Agent: selenium/4.2.1 (java windows)
Content-Length: 271
Content-Type: application/json; charset=utf-8
host: localhost:59780
accept: */*

Response DefaultHttpResponse(decodeResult: success, version: HTTP/1.1)
HTTP/1.1 200 OK
Content-Type: application/json; charset=utf-8
cache-control: no-cache
content-length: 14

[DEBUG] Adding key: http://localhost:59780 for channel [id: 0x7b6c1fea, L:/127.0.0.1:50793 - R:localhost/127.0.0.1:59780]
[DEBUG] Using pooled Channel '[id: 0x7b6c1fea, L:/127.0.0.1:50793 - R:localhost/127.0.0.1:59780]' for 'POST' to 'http://localhost:59780/session/0bfda7d8296c4441c0e8773c259bdd4f/element'
[DEBUG] Using open Channel [id: 0x7b6c1fea, L:/127.0.0.1:50793 - R:localhost/127.0.0.1:59780] for POST '/session/0bfda7d8296c4441c0e8773c259bdd4f/element'
[DEBUG] 

Request DefaultHttpRequest(decodeResult: success, version: HTTP/1.1)
POST /session/0bfda7d8296c4441c0e8773c259bdd4f/element HTTP/1.1
User-Agent: selenium/4.2.1 (java windows)
Content-Length: 77
Content-Type: application/json; charset=utf-8
host: localhost:59780
accept: */*

Response DefaultHttpResponse(decodeResult: success, version: HTTP/1.1)
HTTP/1.1 200 OK
Content-Type: application/json; charset=utf-8
cache-control: no-cache
content-length: 88

[DEBUG] Adding key: http://localhost:59780 for channel [id: 0x7b6c1fea, L:/127.0.0.1:50793 - R:localhost/127.0.0.1:59780]
[DEBUG] Using pooled Channel '[id: 0x7b6c1fea, L:/127.0.0.1:50793 - R:localhost/127.0.0.1:59780]' for 'POST' to 'http://localhost:59780/session/0bfda7d8296c4441c0e8773c259bdd4f/element/a5e1610c-6b7a-4419-b49d-a24cffdfd565/value'
[DEBUG] Using open Channel [id: 0x7b6c1fea, L:/127.0.0.1:50793 - R:localhost/127.0.0.1:59780] for POST '/session/0bfda7d8296c4441c0e8773c259bdd4f/element/a5e1610c-6b7a-4419-b49d-a24cffdfd565/value'
[DEBUG] 

Request DefaultHttpRequest(decodeResult: success, version: HTTP/1.1)
POST /session/0bfda7d8296c4441c0e8773c259bdd4f/element/a5e1610c-6b7a-4419-b49d-a24cffdfd565/value HTTP/1.1
User-Agent: selenium/4.2.1 (java windows)
Content-Length: 151
Content-Type: application/json; charset=utf-8
host: localhost:59780
accept: */*

Response DefaultHttpResponse(decodeResult: success, version: HTTP/1.1)
HTTP/1.1 200 OK
Content-Type: application/json; charset=utf-8
cache-control: no-cache
content-length: 14

[DEBUG] Adding key: http://localhost:59780 for channel [id: 0x7b6c1fea, L:/127.0.0.1:50793 - R:localhost/127.0.0.1:59780]
[DEBUG] Using pooled Channel '[id: 0x7b6c1fea, L:/127.0.0.1:50793 - R:localhost/127.0.0.1:59780]' for 'POST' to 'http://localhost:59780/session/0bfda7d8296c4441c0e8773c259bdd4f/element'
[DEBUG] Using open Channel [id: 0x7b6c1fea, L:/127.0.0.1:50793 - R:localhost/127.0.0.1:59780] for POST '/session/0bfda7d8296c4441c0e8773c259bdd4f/element'
[DEBUG] 

Request DefaultHttpRequest(decodeResult: success, version: HTTP/1.1)
POST /session/0bfda7d8296c4441c0e8773c259bdd4f/element HTTP/1.1
User-Agent: selenium/4.2.1 (java windows)
Content-Length: 66
Content-Type: application/json; charset=utf-8
host: localhost:59780
accept: */*

Response DefaultHttpResponse(decodeResult: success, version: HTTP/1.1)
HTTP/1.1 200 OK
Content-Type: application/json; charset=utf-8
cache-control: no-cache
content-length: 88

[DEBUG] Adding key: http://localhost:59780 for channel [id: 0x7b6c1fea, L:/127.0.0.1:50793 - R:localhost/127.0.0.1:59780]
[DEBUG] Using pooled Channel '[id: 0x7b6c1fea, L:/127.0.0.1:50793 - R:localhost/127.0.0.1:59780]' for 'GET' to 'http://localhost:59780/session/0bfda7d8296c4441c0e8773c259bdd4f/element/5714ac92-62b1-475c-9891-2e1d05c50b34/name'
[DEBUG] Using open Channel [id: 0x7b6c1fea, L:/127.0.0.1:50793 - R:localhost/127.0.0.1:59780] for GET '/session/0bfda7d8296c4441c0e8773c259bdd4f/element/5714ac92-62b1-475c-9891-2e1d05c50b34/name'
[DEBUG] 

Request DefaultFullHttpRequest(decodeResult: success, version: HTTP/1.1, content: EmptyByteBufBE)
GET /session/0bfda7d8296c4441c0e8773c259bdd4f/element/5714ac92-62b1-475c-9891-2e1d05c50b34/name HTTP/1.1
User-Agent: selenium/4.2.1 (java windows)
Cache-Control: no-cache
Content-Type: application/json; charset=utf-8
host: localhost:59780
accept: */*

Response DefaultHttpResponse(decodeResult: success, version: HTTP/1.1)
HTTP/1.1 200 OK
Content-Type: application/json; charset=utf-8
cache-control: no-cache
content-length: 18

[DEBUG] Adding key: http://localhost:59780 for channel [id: 0x7b6c1fea, L:/127.0.0.1:50793 - R:localhost/127.0.0.1:59780]
[DEBUG] Using pooled Channel '[id: 0x7b6c1fea, L:/127.0.0.1:50793 - R:localhost/127.0.0.1:59780]' for 'POST' to 'http://localhost:59780/session/0bfda7d8296c4441c0e8773c259bdd4f/element'
[DEBUG] Using open Channel [id: 0x7b6c1fea, L:/127.0.0.1:50793 - R:localhost/127.0.0.1:59780] for POST '/session/0bfda7d8296c4441c0e8773c259bdd4f/element'
[DEBUG] 

Request DefaultHttpRequest(decodeResult: success, version: HTTP/1.1)
POST /session/0bfda7d8296c4441c0e8773c259bdd4f/element HTTP/1.1
User-Agent: selenium/4.2.1 (java windows)
Content-Length: 66
Content-Type: application/json; charset=utf-8
host: localhost:59780
accept: */*

Response DefaultHttpResponse(decodeResult: success, version: HTTP/1.1)
HTTP/1.1 200 OK
Content-Type: application/json; charset=utf-8
cache-control: no-cache
content-length: 88

[DEBUG] Adding key: http://localhost:59780 for channel [id: 0x7b6c1fea, L:/127.0.0.1:50793 - R:localhost/127.0.0.1:59780]
[DEBUG] Using pooled Channel '[id: 0x7b6c1fea, L:/127.0.0.1:50793 - R:localhost/127.0.0.1:59780]' for 'GET' to 'http://localhost:59780/session/0bfda7d8296c4441c0e8773c259bdd4f/element/5714ac92-62b1-475c-9891-2e1d05c50b34/attribute/multiple'
[DEBUG] Using open Channel [id: 0x7b6c1fea, L:/127.0.0.1:50793 - R:localhost/127.0.0.1:59780] for GET '/session/0bfda7d8296c4441c0e8773c259bdd4f/element/5714ac92-62b1-475c-9891-2e1d05c50b34/attribute/multiple'
[DEBUG] 

Request DefaultFullHttpRequest(decodeResult: success, version: HTTP/1.1, content: EmptyByteBufBE)
GET /session/0bfda7d8296c4441c0e8773c259bdd4f/element/5714ac92-62b1-475c-9891-2e1d05c50b34/attribute/multiple HTTP/1.1
User-Agent: selenium/4.2.1 (java windows)
Cache-Control: no-cache
Content-Type: application/json; charset=utf-8
host: localhost:59780
accept: */*

Response DefaultHttpResponse(decodeResult: success, version: HTTP/1.1)
HTTP/1.1 200 OK
Content-Type: application/json; charset=utf-8
cache-control: no-cache
content-length: 14

[DEBUG] Adding key: http://localhost:59780 for channel [id: 0x7b6c1fea, L:/127.0.0.1:50793 - R:localhost/127.0.0.1:59780]
[DEBUG] Using pooled Channel '[id: 0x7b6c1fea, L:/127.0.0.1:50793 - R:localhost/127.0.0.1:59780]' for 'POST' to 'http://localhost:59780/session/0bfda7d8296c4441c0e8773c259bdd4f/element'
[DEBUG] Using open Channel [id: 0x7b6c1fea, L:/127.0.0.1:50793 - R:localhost/127.0.0.1:59780] for POST '/session/0bfda7d8296c4441c0e8773c259bdd4f/element'
[DEBUG] 

Request DefaultHttpRequest(decodeResult: success, version: HTTP/1.1)
POST /session/0bfda7d8296c4441c0e8773c259bdd4f/element HTTP/1.1
User-Agent: selenium/4.2.1 (java windows)
Content-Length: 66
Content-Type: application/json; charset=utf-8
host: localhost:59780
accept: */*

Response DefaultHttpResponse(decodeResult: success, version: HTTP/1.1)
HTTP/1.1 200 OK
Content-Type: application/json; charset=utf-8
cache-control: no-cache
content-length: 88

[DEBUG] Adding key: http://localhost:59780 for channel [id: 0x7b6c1fea, L:/127.0.0.1:50793 - R:localhost/127.0.0.1:59780]
[DEBUG] Using pooled Channel '[id: 0x7b6c1fea, L:/127.0.0.1:50793 - R:localhost/127.0.0.1:59780]' for 'POST' to 'http://localhost:59780/session/0bfda7d8296c4441c0e8773c259bdd4f/element/5714ac92-62b1-475c-9891-2e1d05c50b34/elements'
[DEBUG] Using open Channel [id: 0x7b6c1fea, L:/127.0.0.1:50793 - R:localhost/127.0.0.1:59780] for POST '/session/0bfda7d8296c4441c0e8773c259bdd4f/element/5714ac92-62b1-475c-9891-2e1d05c50b34/elements'
[DEBUG] 

Request DefaultHttpRequest(decodeResult: success, version: HTTP/1.1)
POST /session/0bfda7d8296c4441c0e8773c259bdd4f/element/5714ac92-62b1-475c-9891-2e1d05c50b34/elements HTTP/1.1
User-Agent: selenium/4.2.1 (java windows)
Content-Length: 139
Content-Type: application/json; charset=utf-8
host: localhost:59780
accept: */*

Response DefaultHttpResponse(decodeResult: success, version: HTTP/1.1)
HTTP/1.1 200 OK
Content-Type: application/json; charset=utf-8
cache-control: no-cache
content-length: 90

[DEBUG] Adding key: http://localhost:59780 for channel [id: 0x7b6c1fea, L:/127.0.0.1:50793 - R:localhost/127.0.0.1:59780]
[DEBUG] Using pooled Channel '[id: 0x7b6c1fea, L:/127.0.0.1:50793 - R:localhost/127.0.0.1:59780]' for 'GET' to 'http://localhost:59780/session/0bfda7d8296c4441c0e8773c259bdd4f/element/2a4fdd8b-97e8-40d5-a5af-5db5e94e44a8/selected'
[DEBUG] Using open Channel [id: 0x7b6c1fea, L:/127.0.0.1:50793 - R:localhost/127.0.0.1:59780] for GET '/session/0bfda7d8296c4441c0e8773c259bdd4f/element/2a4fdd8b-97e8-40d5-a5af-5db5e94e44a8/selected'
[DEBUG] 

Request DefaultFullHttpRequest(decodeResult: success, version: HTTP/1.1, content: EmptyByteBufBE)
GET /session/0bfda7d8296c4441c0e8773c259bdd4f/element/2a4fdd8b-97e8-40d5-a5af-5db5e94e44a8/selected HTTP/1.1
User-Agent: selenium/4.2.1 (java windows)
Cache-Control: no-cache
Content-Type: application/json; charset=utf-8
host: localhost:59780
accept: */*

Response DefaultHttpResponse(decodeResult: success, version: HTTP/1.1)
HTTP/1.1 200 OK
Content-Type: application/json; charset=utf-8
cache-control: no-cache
content-length: 15

[DEBUG] Adding key: http://localhost:59780 for channel [id: 0x7b6c1fea, L:/127.0.0.1:50793 - R:localhost/127.0.0.1:59780]
[DEBUG] Using pooled Channel '[id: 0x7b6c1fea, L:/127.0.0.1:50793 - R:localhost/127.0.0.1:59780]' for 'POST' to 'http://localhost:59780/session/0bfda7d8296c4441c0e8773c259bdd4f/element/2a4fdd8b-97e8-40d5-a5af-5db5e94e44a8/click'
[DEBUG] Using open Channel [id: 0x7b6c1fea, L:/127.0.0.1:50793 - R:localhost/127.0.0.1:59780] for POST '/session/0bfda7d8296c4441c0e8773c259bdd4f/element/2a4fdd8b-97e8-40d5-a5af-5db5e94e44a8/click'
[DEBUG] 

Request DefaultHttpRequest(decodeResult: success, version: HTTP/1.1)
POST /session/0bfda7d8296c4441c0e8773c259bdd4f/element/2a4fdd8b-97e8-40d5-a5af-5db5e94e44a8/click HTTP/1.1
User-Agent: selenium/4.2.1 (java windows)
Content-Length: 50
Content-Type: application/json; charset=utf-8
host: localhost:59780
accept: */*

Response DefaultHttpResponse(decodeResult: success, version: HTTP/1.1)
HTTP/1.1 200 OK
Content-Type: application/json; charset=utf-8
cache-control: no-cache
content-length: 14

[DEBUG] Adding key: http://localhost:59780 for channel [id: 0x7b6c1fea, L:/127.0.0.1:50793 - R:localhost/127.0.0.1:59780]
[DEBUG] Using pooled Channel '[id: 0x7b6c1fea, L:/127.0.0.1:50793 - R:localhost/127.0.0.1:59780]' for 'POST' to 'http://localhost:59780/session/0bfda7d8296c4441c0e8773c259bdd4f/element'
[DEBUG] Using open Channel [id: 0x7b6c1fea, L:/127.0.0.1:50793 - R:localhost/127.0.0.1:59780] for POST '/session/0bfda7d8296c4441c0e8773c259bdd4f/element'
[DEBUG] 

Request DefaultHttpRequest(decodeResult: success, version: HTTP/1.1)
POST /session/0bfda7d8296c4441c0e8773c259bdd4f/element HTTP/1.1
User-Agent: selenium/4.2.1 (java windows)
Content-Length: 69
Content-Type: application/json; charset=utf-8
host: localhost:59780
accept: */*

Response DefaultHttpResponse(decodeResult: success, version: HTTP/1.1)
HTTP/1.1 200 OK
Content-Type: application/json; charset=utf-8
cache-control: no-cache
content-length: 88

[DEBUG] Adding key: http://localhost:59780 for channel [id: 0x7b6c1fea, L:/127.0.0.1:50793 - R:localhost/127.0.0.1:59780]
[DEBUG] Using pooled Channel '[id: 0x7b6c1fea, L:/127.0.0.1:50793 - R:localhost/127.0.0.1:59780]' for 'POST' to 'http://localhost:59780/session/0bfda7d8296c4441c0e8773c259bdd4f/element/09565b9c-04fc-4e97-80f7-3fe695290718/click'
[DEBUG] Using open Channel [id: 0x7b6c1fea, L:/127.0.0.1:50793 - R:localhost/127.0.0.1:59780] for POST '/session/0bfda7d8296c4441c0e8773c259bdd4f/element/09565b9c-04fc-4e97-80f7-3fe695290718/click'
[DEBUG] Entry count for : http://localhost:50794 : 1
[DEBUG] Entry count for : http://localhost:50794 : 1
[DEBUG] 

Request DefaultHttpRequest(decodeResult: success, version: HTTP/1.1)
POST /session/0bfda7d8296c4441c0e8773c259bdd4f/element/09565b9c-04fc-4e97-80f7-3fe695290718/click HTTP/1.1
User-Agent: selenium/4.2.1 (java windows)
Content-Length: 50
Content-Type: application/json; charset=utf-8
host: localhost:59780
accept: */*

Response DefaultHttpResponse(decodeResult: success, version: HTTP/1.1)
HTTP/1.1 200 OK
Content-Type: application/json; charset=utf-8
cache-control: no-cache
content-length: 14

[DEBUG] Adding key: http://localhost:59780 for channel [id: 0x7b6c1fea, L:/127.0.0.1:50793 - R:localhost/127.0.0.1:59780]
[DEBUG] Using pooled Channel '[id: 0x7b6c1fea, L:/127.0.0.1:50793 - R:localhost/127.0.0.1:59780]' for 'POST' to 'http://localhost:59780/session/0bfda7d8296c4441c0e8773c259bdd4f/element'
[DEBUG] Using open Channel [id: 0x7b6c1fea, L:/127.0.0.1:50793 - R:localhost/127.0.0.1:59780] for POST '/session/0bfda7d8296c4441c0e8773c259bdd4f/element'
[DEBUG] 

Request DefaultHttpRequest(decodeResult: success, version: HTTP/1.1)
POST /session/0bfda7d8296c4441c0e8773c259bdd4f/element HTTP/1.1
User-Agent: selenium/4.2.1 (java windows)
Content-Length: 44
Content-Type: application/json; charset=utf-8
host: localhost:59780
accept: */*

Response DefaultHttpResponse(decodeResult: success, version: HTTP/1.1)
HTTP/1.1 200 OK
Content-Type: application/json; charset=utf-8
cache-control: no-cache
content-length: 88

[DEBUG] Adding key: http://localhost:59780 for channel [id: 0x7b6c1fea, L:/127.0.0.1:50793 - R:localhost/127.0.0.1:59780]
[DEBUG] Using pooled Channel '[id: 0x7b6c1fea, L:/127.0.0.1:50793 - R:localhost/127.0.0.1:59780]' for 'GET' to 'http://localhost:59780/session/0bfda7d8296c4441c0e8773c259bdd4f/element/fb0dbfa8-ec90-42b9-9378-9573cc1fcb34/text'
[DEBUG] Using open Channel [id: 0x7b6c1fea, L:/127.0.0.1:50793 - R:localhost/127.0.0.1:59780] for GET '/session/0bfda7d8296c4441c0e8773c259bdd4f/element/fb0dbfa8-ec90-42b9-9378-9573cc1fcb34/text'
[DEBUG] 

Request DefaultFullHttpRequest(decodeResult: success, version: HTTP/1.1, content: EmptyByteBufBE)
GET /session/0bfda7d8296c4441c0e8773c259bdd4f/element/fb0dbfa8-ec90-42b9-9378-9573cc1fcb34/text HTTP/1.1
User-Agent: selenium/4.2.1 (java windows)
Cache-Control: no-cache
Content-Type: application/json; charset=utf-8
host: localhost:59780
accept: */*

Response DefaultHttpResponse(decodeResult: success, version: HTTP/1.1)
HTTP/1.1 200 OK
Content-Type: application/json; charset=utf-8
cache-control: no-cache
content-length: 799

[DEBUG] Adding key: http://localhost:59780 for channel [id: 0x7b6c1fea, L:/127.0.0.1:50793 - R:localhost/127.0.0.1:59780]
[DEBUG] Using pooled Channel '[id: 0x7b6c1fea, L:/127.0.0.1:50793 - R:localhost/127.0.0.1:59780]' for 'DELETE' to 'http://localhost:59780/session/0bfda7d8296c4441c0e8773c259bdd4f/window'
[DEBUG] Using open Channel [id: 0x7b6c1fea, L:/127.0.0.1:50793 - R:localhost/127.0.0.1:59780] for DELETE '/session/0bfda7d8296c4441c0e8773c259bdd4f/window'
[DEBUG] Entry count for : http://localhost:50794 : 1
[DEBUG] Unexpected I/O exception on channel [id: 0xf3429e6e, L:/127.0.0.1:50803 - R:localhost/127.0.0.1:50794]
java.net.SocketException: Connection reset
	at java.base/sun.nio.ch.SocketChannelImpl.throwConnectionReset(SocketChannelImpl.java:394) ~[na:na]
	at java.base/sun.nio.ch.SocketChannelImpl.read(SocketChannelImpl.java:426) ~[na:na]
	at io.netty.buffer.PooledByteBuf.setBytes(PooledByteBuf.java:258) ~[netty-buffer-4.1.77.Final.jar:4.1.77.Final]
	at io.netty.buffer.AbstractByteBuf.writeBytes(AbstractByteBuf.java:1132) ~[netty-buffer-4.1.77.Final.jar:4.1.77.Final]
	at io.netty.channel.socket.nio.NioSocketChannel.doReadBytes(NioSocketChannel.java:357) ~[netty-transport-4.1.77.Final.jar:4.1.77.Final]
	at io.netty.channel.nio.AbstractNioByteChannel$NioByteUnsafe.read(AbstractNioByteChannel.java:151) ~[netty-transport-4.1.77.Final.jar:4.1.77.Final]
	at io.netty.channel.nio.NioEventLoop.processSelectedKey(NioEventLoop.java:722) ~[netty-transport-4.1.77.Final.jar:4.1.77.Final]
	at io.netty.channel.nio.NioEventLoop.processSelectedKeysOptimized(NioEventLoop.java:658) ~[netty-transport-4.1.77.Final.jar:4.1.77.Final]
	at io.netty.channel.nio.NioEventLoop.processSelectedKeys(NioEventLoop.java:584) ~[netty-transport-4.1.77.Final.jar:4.1.77.Final]
	at io.netty.channel.nio.NioEventLoop.run(NioEventLoop.java:496) ~[netty-transport-4.1.77.Final.jar:4.1.77.Final]
	at io.netty.util.concurrent.SingleThreadEventExecutor$4.run(SingleThreadEventExecutor.java:995) ~[netty-common-4.1.77.Final.jar:4.1.77.Final]
	at io.netty.util.internal.ThreadExecutorMap$2.run(ThreadExecutorMap.java:74) ~[netty-common-4.1.77.Final.jar:4.1.77.Final]
	at io.netty.util.concurrent.FastThreadLocalRunnable.run(FastThreadLocalRunnable.java:30) ~[netty-common-4.1.77.Final.jar:4.1.77.Final]
	at java.base/java.lang.Thread.run(Thread.java:833) ~[na:na]
[DEBUG] Unexpected I/O exception on channel [id: 0x19704839, L:/127.0.0.1:50801 - R:localhost/127.0.0.1:50794]
java.net.SocketException: Connection reset
	at java.base/sun.nio.ch.SocketChannelImpl.throwConnectionReset(SocketChannelImpl.java:394) ~[na:na]
	at java.base/sun.nio.ch.SocketChannelImpl.read(SocketChannelImpl.java:426) ~[na:na]
	at io.netty.buffer.PooledByteBuf.setBytes(PooledByteBuf.java:258) ~[netty-buffer-4.1.77.Final.jar:4.1.77.Final]
	at io.netty.buffer.AbstractByteBuf.writeBytes(AbstractByteBuf.java:1132) ~[netty-buffer-4.1.77.Final.jar:4.1.77.Final]
	at io.netty.channel.socket.nio.NioSocketChannel.doReadBytes(NioSocketChannel.java:357) ~[netty-transport-4.1.77.Final.jar:4.1.77.Final]
	at io.netty.channel.nio.AbstractNioByteChannel$NioByteUnsafe.read(AbstractNioByteChannel.java:151) ~[netty-transport-4.1.77.Final.jar:4.1.77.Final]
	at io.netty.channel.nio.NioEventLoop.processSelectedKey(NioEventLoop.java:722) ~[netty-transport-4.1.77.Final.jar:4.1.77.Final]
	at io.netty.channel.nio.NioEventLoop.processSelectedKeysOptimized(NioEventLoop.java:658) ~[netty-transport-4.1.77.Final.jar:4.1.77.Final]
	at io.netty.channel.nio.NioEventLoop.processSelectedKeys(NioEventLoop.java:584) ~[netty-transport-4.1.77.Final.jar:4.1.77.Final]
	at io.netty.channel.nio.NioEventLoop.run(NioEventLoop.java:496) ~[netty-transport-4.1.77.Final.jar:4.1.77.Final]
	at io.netty.util.concurrent.SingleThreadEventExecutor$4.run(SingleThreadEventExecutor.java:995) ~[netty-common-4.1.77.Final.jar:4.1.77.Final]
	at io.netty.util.internal.ThreadExecutorMap$2.run(ThreadExecutorMap.java:74) ~[netty-common-4.1.77.Final.jar:4.1.77.Final]
	at io.netty.util.concurrent.FastThreadLocalRunnable.run(FastThreadLocalRunnable.java:30) ~[netty-common-4.1.77.Final.jar:4.1.77.Final]
	at java.base/java.lang.Thread.run(Thread.java:833) ~[na:na]
[DEBUG] Closing Channel [id: 0x19704839, L:/127.0.0.1:50801 - R:localhost/127.0.0.1:50794] 
[DEBUG] Was unable to recover Future: NettyResponseFuture{currentRetry=0,
	isDone=1,
	isCancelled=0,
	asyncHandler=org.asynchttpclient.ws.WebSocketUpgradeHandler@2e2490f4,
	nettyRequest=org.asynchttpclient.netty.request.NettyRequest@6c72b0c1,
	future=java.util.concurrent.CompletableFuture@623b9a94[Completed normally],
	uri=ws://localhost:50794/devtools/browser/ae1c15d8-513b-4344-b870-d98be866d214,
	keepAlive=true,
	redirectCount=0,
	timeoutsHolder=null,
	inAuth=0,
	touch=1658841063923}
[DEBUG] Closing Channel [id: 0xf3429e6e, L:/127.0.0.1:50803 - R:localhost/127.0.0.1:50794] 
[WARN] onError
java.net.SocketException: Connection reset
	at java.base/sun.nio.ch.SocketChannelImpl.throwConnectionReset(SocketChannelImpl.java:394) ~[na:na]
	at java.base/sun.nio.ch.SocketChannelImpl.read(SocketChannelImpl.java:426) ~[na:na]
	at io.netty.buffer.PooledByteBuf.setBytes(PooledByteBuf.java:258) ~[netty-buffer-4.1.77.Final.jar:4.1.77.Final]
	at io.netty.buffer.AbstractByteBuf.writeBytes(AbstractByteBuf.java:1132) ~[netty-buffer-4.1.77.Final.jar:4.1.77.Final]
	at io.netty.channel.socket.nio.NioSocketChannel.doReadBytes(NioSocketChannel.java:357) ~[netty-transport-4.1.77.Final.jar:4.1.77.Final]
	at io.netty.channel.nio.AbstractNioByteChannel$NioByteUnsafe.read(AbstractNioByteChannel.java:151) ~[netty-transport-4.1.77.Final.jar:4.1.77.Final]
	at io.netty.channel.nio.NioEventLoop.processSelectedKey(NioEventLoop.java:722) ~[netty-transport-4.1.77.Final.jar:4.1.77.Final]
	at io.netty.channel.nio.NioEventLoop.processSelectedKeysOptimized(NioEventLoop.java:658) ~[netty-transport-4.1.77.Final.jar:4.1.77.Final]
	at io.netty.channel.nio.NioEventLoop.processSelectedKeys(NioEventLoop.java:584) ~[netty-transport-4.1.77.Final.jar:4.1.77.Final]
	at io.netty.channel.nio.NioEventLoop.run(NioEventLoop.java:496) ~[netty-transport-4.1.77.Final.jar:4.1.77.Final]
	at io.netty.util.concurrent.SingleThreadEventExecutor$4.run(SingleThreadEventExecutor.java:995) ~[netty-common-4.1.77.Final.jar:4.1.77.Final]
	at io.netty.util.internal.ThreadExecutorMap$2.run(ThreadExecutorMap.java:74) ~[netty-common-4.1.77.Final.jar:4.1.77.Final]
	at io.netty.util.concurrent.FastThreadLocalRunnable.run(FastThreadLocalRunnable.java:30) ~[netty-common-4.1.77.Final.jar:4.1.77.Final]
	at java.base/java.lang.Thread.run(Thread.java:833) ~[na:na]
[DEBUG] Channel Closed: [id: 0x19704839, L:/127.0.0.1:50801 ! R:localhost/127.0.0.1:50794] with attribute DISCARD
[DEBUG] Closing Channel [id: 0xf3429e6e, L:/127.0.0.1:50803 ! R:localhost/127.0.0.1:50794] 
[DEBUG] Channel Closed: [id: 0xf3429e6e, L:/127.0.0.1:50803 ! R:localhost/127.0.0.1:50794] with attribute DISCARD
[DEBUG] 

Request DefaultFullHttpRequest(decodeResult: success, version: HTTP/1.1, content: EmptyByteBufBE)
DELETE /session/0bfda7d8296c4441c0e8773c259bdd4f/window HTTP/1.1
User-Agent: selenium/4.2.1 (java windows)
Content-Type: application/json; charset=utf-8
host: localhost:59780
accept: */*

Response DefaultHttpResponse(decodeResult: success, version: HTTP/1.1)
HTTP/1.1 200 OK
Content-Type: application/json; charset=utf-8
cache-control: no-cache
content-length: 12

[DEBUG] Adding key: http://localhost:59780 for channel [id: 0x7b6c1fea, L:/127.0.0.1:50793 - R:localhost/127.0.0.1:59780]
TearDown method executed
[DEBUG] Using pooled Channel '[id: 0x7b6c1fea, L:/127.0.0.1:50793 - R:localhost/127.0.0.1:59780]' for 'DELETE' to 'http://localhost:59780/session/0bfda7d8296c4441c0e8773c259bdd4f'
[DEBUG] Using open Channel [id: 0x7b6c1fea, L:/127.0.0.1:50793 - R:localhost/127.0.0.1:59780] for DELETE '/session/0bfda7d8296c4441c0e8773c259bdd4f'
[DEBUG] 

Request DefaultFullHttpRequest(decodeResult: success, version: HTTP/1.1, content: EmptyByteBufBE)
DELETE /session/0bfda7d8296c4441c0e8773c259bdd4f HTTP/1.1
User-Agent: selenium/4.2.1 (java windows)
Content-Type: application/json; charset=utf-8
host: localhost:59780
accept: */*

Response DefaultHttpResponse(decodeResult: success, version: HTTP/1.1)
HTTP/1.1 200 OK
Content-Type: application/json; charset=utf-8
cache-control: no-cache
content-length: 14

[DEBUG] Adding key: http://localhost:59780 for channel [id: 0x7b6c1fea, L:/127.0.0.1:50793 - R:localhost/127.0.0.1:59780]
[DEBUG] Channel Closed: [id: 0x7b6c1fea, L:/127.0.0.1:50793 ! R:localhost/127.0.0.1:59780] with attribute DISCARD
]]></system-out>
    <system-err><![CDATA[Starting ChromeDriver 103.0.5060.134 (8ec6fce403b3feb0869b0732eda8bd95011d333c-refs/branch-heads/5060@{#1262}) on port 59780
Only local connections are allowed.
Please see https://chromedriver.chromium.org/security-considerations for suggestions on keeping ChromeDriver safe.
ChromeDriver was started successfully.
Jul 26, 2022 6:40:48 PM org.openqa.selenium.remote.ProtocolHandshake createSession
INFO: Detected upstream dialect: W3C
Jul 26, 2022 6:40:48 PM org.openqa.selenium.devtools.CdpVersionFinder findNearestMatch
WARNING: Unable to find an exact match for CDP version 103, so returning the closest version found: 102
Jul 26, 2022 6:40:48 PM org.openqa.selenium.devtools.CdpVersionFinder findNearestMatch
INFO: Found CDP implementation for version 103 of 102
Jul 26, 2022 6:41:03 PM org.openqa.selenium.remote.http.WebSocket$Listener onError
WARNING: Connection reset
java.net.SocketException: Connection reset
	at java.base/sun.nio.ch.SocketChannelImpl.throwConnectionReset(SocketChannelImpl.java:394)
	at java.base/sun.nio.ch.SocketChannelImpl.read(SocketChannelImpl.java:426)
	at io.netty.buffer.PooledByteBuf.setBytes(PooledByteBuf.java:258)
	at io.netty.buffer.AbstractByteBuf.writeBytes(AbstractByteBuf.java:1132)
	at io.netty.channel.socket.nio.NioSocketChannel.doReadBytes(NioSocketChannel.java:357)
	at io.netty.channel.nio.AbstractNioByteChannel$NioByteUnsafe.read(AbstractNioByteChannel.java:151)
	at io.netty.channel.nio.NioEventLoop.processSelectedKey(NioEventLoop.java:722)
	at io.netty.channel.nio.NioEventLoop.processSelectedKeysOptimized(NioEventLoop.java:658)
	at io.netty.channel.nio.NioEventLoop.processSelectedKeys(NioEventLoop.java:584)
	at io.netty.channel.nio.NioEventLoop.run(NioEventLoop.java:496)
	at io.netty.util.concurrent.SingleThreadEventExecutor$4.run(SingleThreadEventExecutor.java:995)
	at io.netty.util.internal.ThreadExecutorMap$2.run(ThreadExecutorMap.java:74)
	at io.netty.util.concurrent.FastThreadLocalRunnable.run(FastThreadLocalRunnable.java:30)
	at java.base/java.lang.Thread.run(Thread.java:833)

]]></system-err>
  </testcase>
  <testcase name="runScenario[&quot;Search customer by Email&quot;, &quot;Add customer test&quot;](2)" classname="testRunner.Run" time="9.987">
    <system-out><![CDATA[Setup-1 Sanity method executed
chrome
[DEBUG] Resolution chrome=103 in cache (valid until 19:22:20 26/07/2022 IST)
[DEBUG] Resolution chrome103=103.0.5060.134 in cache (valid until 21:50:19 26/07/2022 IST)
[INFO] Using chromedriver 103.0.5060.134 (resolved driver for Chrome 103)
[DEBUG] Driver chromedriver 103.0.5060.134 found in cache
[INFO] Exporting webdriver.chrome.driver as C:\Users\abrar\.cache\selenium\chromedriver\win32\103.0.5060.134\chromedriver.exe
[DEBUG] Using new Channel '[id: 0xb64d4848, L:/127.0.0.1:50819 - R:localhost/127.0.0.1:55641]' for 'POST' to '/session'
[DEBUG] Entry count for : http://localhost:59780 : 1
[DEBUG] Entry count for : http://localhost:50794 : 1
[DEBUG] Adding Candidate expired Channel [id: 0x7b6c1fea, L:/127.0.0.1:50793 ! R:localhost/127.0.0.1:59780] isIdleTimeoutExpired=false isRemotelyClosed=true isTtlExpired=false
[DEBUG] Closing Idle Channel [id: 0x7b6c1fea, L:/127.0.0.1:50793 ! R:localhost/127.0.0.1:59780]
[DEBUG] Adding Candidate expired Channel [id: 0x19704839, L:/127.0.0.1:50801 ! R:localhost/127.0.0.1:50794] isIdleTimeoutExpired=false isRemotelyClosed=true isTtlExpired=false
[DEBUG] Closing Idle Channel [id: 0x19704839, L:/127.0.0.1:50801 ! R:localhost/127.0.0.1:50794]
[DEBUG] Closed 2 connections out of 2 in 0 ms
[DEBUG] 

Request DefaultHttpRequest(decodeResult: success, version: HTTP/1.1)
POST /session HTTP/1.1
User-Agent: selenium/4.2.1 (java windows)
Content-Length: 365
Content-Type: application/json; charset=utf-8
host: localhost:55641
accept: */*

Response DefaultHttpResponse(decodeResult: success, version: HTTP/1.1)
HTTP/1.1 200 OK
Content-Type: application/json; charset=utf-8
cache-control: no-cache
content-length: 793

[DEBUG] Adding key: http://localhost:55641 for channel [id: 0xb64d4848, L:/127.0.0.1:50819 - R:localhost/127.0.0.1:55641]
[DEBUG] Using new Channel '[id: 0x090db564, L:/127.0.0.1:50826 - R:localhost/127.0.0.1:50820]' for 'GET' to '/json/version'
[DEBUG] 

Request DefaultFullHttpRequest(decodeResult: success, version: HTTP/1.1, content: EmptyByteBufBE)
GET /json/version HTTP/1.1
User-Agent: selenium/4.2.1 (java windows)
host: localhost:50820
accept: */*

Response DefaultHttpResponse(decodeResult: success, version: HTTP/1.1)
HTTP/1.1 200 OK
Content-Type: application/json; charset=UTF-8
content-length: 429

[DEBUG] Adding key: http://localhost:50820 for channel [id: 0x090db564, L:/127.0.0.1:50826 - R:localhost/127.0.0.1:50820]
[DEBUG] Using new Channel '[id: 0x637ccf18, L:/127.0.0.1:50827 - R:localhost/127.0.0.1:50820]' for 'GET' to '/devtools/browser/5c4513e5-9ef8-419e-9d22-ed8ddd40bdfc'
[DEBUG] 

Request DefaultFullHttpRequest(decodeResult: success, version: HTTP/1.1, content: EmptyByteBufBE)
GET /devtools/browser/5c4513e5-9ef8-419e-9d22-ed8ddd40bdfc HTTP/1.1
upgrade: websocket
connection: upgrade
sec-websocket-key: NqEji/YcILp+KD3usjZ2Pg==
sec-websocket-version: 13
origin: http://localhost:50820
host: localhost:50820
accept: */*
user-agent: AHC/2.1

Response DefaultHttpResponse(decodeResult: success, version: HTTP/1.1)
HTTP/1.1 101 WebSocket Protocol Handshake
Upgrade: WebSocket
Connection: Upgrade
Sec-WebSocket-Accept: 5iBvwqXn3IMr+7oWFtqBp3xXeic=

[DEBUG] Using pooled Channel '[id: 0xb64d4848, L:/127.0.0.1:50819 - R:localhost/127.0.0.1:55641]' for 'POST' to 'http://localhost:55641/session/ba3b4f4808f5e00e2de3e378d2259315/url'
[DEBUG] Using open Channel [id: 0xb64d4848, L:/127.0.0.1:50819 - R:localhost/127.0.0.1:55641] for POST '/session/ba3b4f4808f5e00e2de3e378d2259315/url'
[DEBUG] Entry count for : http://localhost:50820 : 1
[DEBUG] 

Request DefaultHttpRequest(decodeResult: success, version: HTTP/1.1)
POST /session/ba3b4f4808f5e00e2de3e378d2259315/url HTTP/1.1
User-Agent: selenium/4.2.1 (java windows)
Content-Length: 69
Content-Type: application/json; charset=utf-8
host: localhost:55641
accept: */*

Response DefaultHttpResponse(decodeResult: success, version: HTTP/1.1)
HTTP/1.1 200 OK
Content-Type: application/json; charset=utf-8
cache-control: no-cache
content-length: 14

[DEBUG] Adding key: http://localhost:55641 for channel [id: 0xb64d4848, L:/127.0.0.1:50819 - R:localhost/127.0.0.1:55641]
[DEBUG] Using pooled Channel '[id: 0xb64d4848, L:/127.0.0.1:50819 - R:localhost/127.0.0.1:55641]' for 'POST' to 'http://localhost:55641/session/ba3b4f4808f5e00e2de3e378d2259315/element'
[DEBUG] Using open Channel [id: 0xb64d4848, L:/127.0.0.1:50819 - R:localhost/127.0.0.1:55641] for POST '/session/ba3b4f4808f5e00e2de3e378d2259315/element'
[DEBUG] 

Request DefaultHttpRequest(decodeResult: success, version: HTTP/1.1)
POST /session/ba3b4f4808f5e00e2de3e378d2259315/element HTTP/1.1
User-Agent: selenium/4.2.1 (java windows)
Content-Length: 50
Content-Type: application/json; charset=utf-8
host: localhost:55641
accept: */*

Response DefaultHttpResponse(decodeResult: success, version: HTTP/1.1)
HTTP/1.1 200 OK
Content-Type: application/json; charset=utf-8
cache-control: no-cache
content-length: 88

[DEBUG] Adding key: http://localhost:55641 for channel [id: 0xb64d4848, L:/127.0.0.1:50819 - R:localhost/127.0.0.1:55641]
[DEBUG] Using pooled Channel '[id: 0xb64d4848, L:/127.0.0.1:50819 - R:localhost/127.0.0.1:55641]' for 'POST' to 'http://localhost:55641/session/ba3b4f4808f5e00e2de3e378d2259315/element/6594de8c-86b1-4b81-b29f-23fd404127ba/clear'
[DEBUG] Using open Channel [id: 0xb64d4848, L:/127.0.0.1:50819 - R:localhost/127.0.0.1:55641] for POST '/session/ba3b4f4808f5e00e2de3e378d2259315/element/6594de8c-86b1-4b81-b29f-23fd404127ba/clear'
[DEBUG] 

Request DefaultHttpRequest(decodeResult: success, version: HTTP/1.1)
POST /session/ba3b4f4808f5e00e2de3e378d2259315/element/6594de8c-86b1-4b81-b29f-23fd404127ba/clear HTTP/1.1
User-Agent: selenium/4.2.1 (java windows)
Content-Length: 50
Content-Type: application/json; charset=utf-8
host: localhost:55641
accept: */*

Response DefaultHttpResponse(decodeResult: success, version: HTTP/1.1)
HTTP/1.1 200 OK
Content-Type: application/json; charset=utf-8
cache-control: no-cache
content-length: 14

[DEBUG] Adding key: http://localhost:55641 for channel [id: 0xb64d4848, L:/127.0.0.1:50819 - R:localhost/127.0.0.1:55641]
[DEBUG] Using pooled Channel '[id: 0xb64d4848, L:/127.0.0.1:50819 - R:localhost/127.0.0.1:55641]' for 'POST' to 'http://localhost:55641/session/ba3b4f4808f5e00e2de3e378d2259315/element'
[DEBUG] Using open Channel [id: 0xb64d4848, L:/127.0.0.1:50819 - R:localhost/127.0.0.1:55641] for POST '/session/ba3b4f4808f5e00e2de3e378d2259315/element'
[DEBUG] 

Request DefaultHttpRequest(decodeResult: success, version: HTTP/1.1)
POST /session/ba3b4f4808f5e00e2de3e378d2259315/element HTTP/1.1
User-Agent: selenium/4.2.1 (java windows)
Content-Length: 50
Content-Type: application/json; charset=utf-8
host: localhost:55641
accept: */*

Response DefaultHttpResponse(decodeResult: success, version: HTTP/1.1)
HTTP/1.1 200 OK
Content-Type: application/json; charset=utf-8
cache-control: no-cache
content-length: 88

[DEBUG] Adding key: http://localhost:55641 for channel [id: 0xb64d4848, L:/127.0.0.1:50819 - R:localhost/127.0.0.1:55641]
[DEBUG] Using pooled Channel '[id: 0xb64d4848, L:/127.0.0.1:50819 - R:localhost/127.0.0.1:55641]' for 'POST' to 'http://localhost:55641/session/ba3b4f4808f5e00e2de3e378d2259315/element/6594de8c-86b1-4b81-b29f-23fd404127ba/value'
[DEBUG] Using open Channel [id: 0xb64d4848, L:/127.0.0.1:50819 - R:localhost/127.0.0.1:55641] for POST '/session/ba3b4f4808f5e00e2de3e378d2259315/element/6594de8c-86b1-4b81-b29f-23fd404127ba/value'
[DEBUG] 

Request DefaultHttpRequest(decodeResult: success, version: HTTP/1.1)
POST /session/ba3b4f4808f5e00e2de3e378d2259315/element/6594de8c-86b1-4b81-b29f-23fd404127ba/value HTTP/1.1
User-Agent: selenium/4.2.1 (java windows)
Content-Length: 271
Content-Type: application/json; charset=utf-8
host: localhost:55641
accept: */*

Response DefaultHttpResponse(decodeResult: success, version: HTTP/1.1)
HTTP/1.1 200 OK
Content-Type: application/json; charset=utf-8
cache-control: no-cache
content-length: 14

[DEBUG] Adding key: http://localhost:55641 for channel [id: 0xb64d4848, L:/127.0.0.1:50819 - R:localhost/127.0.0.1:55641]
[DEBUG] Using pooled Channel '[id: 0xb64d4848, L:/127.0.0.1:50819 - R:localhost/127.0.0.1:55641]' for 'POST' to 'http://localhost:55641/session/ba3b4f4808f5e00e2de3e378d2259315/element'
[DEBUG] Using open Channel [id: 0xb64d4848, L:/127.0.0.1:50819 - R:localhost/127.0.0.1:55641] for POST '/session/ba3b4f4808f5e00e2de3e378d2259315/element'
[DEBUG] 

Request DefaultHttpRequest(decodeResult: success, version: HTTP/1.1)
POST /session/ba3b4f4808f5e00e2de3e378d2259315/element HTTP/1.1
User-Agent: selenium/4.2.1 (java windows)
Content-Length: 53
Content-Type: application/json; charset=utf-8
host: localhost:55641
accept: */*

Response DefaultHttpResponse(decodeResult: success, version: HTTP/1.1)
HTTP/1.1 200 OK
Content-Type: application/json; charset=utf-8
cache-control: no-cache
content-length: 88

[DEBUG] Adding key: http://localhost:55641 for channel [id: 0xb64d4848, L:/127.0.0.1:50819 - R:localhost/127.0.0.1:55641]
[DEBUG] Using pooled Channel '[id: 0xb64d4848, L:/127.0.0.1:50819 - R:localhost/127.0.0.1:55641]' for 'POST' to 'http://localhost:55641/session/ba3b4f4808f5e00e2de3e378d2259315/element/a15939c2-0e67-4358-ba75-8d5c150be265/clear'
[DEBUG] Using open Channel [id: 0xb64d4848, L:/127.0.0.1:50819 - R:localhost/127.0.0.1:55641] for POST '/session/ba3b4f4808f5e00e2de3e378d2259315/element/a15939c2-0e67-4358-ba75-8d5c150be265/clear'
[DEBUG] 

Request DefaultHttpRequest(decodeResult: success, version: HTTP/1.1)
POST /session/ba3b4f4808f5e00e2de3e378d2259315/element/a15939c2-0e67-4358-ba75-8d5c150be265/clear HTTP/1.1
User-Agent: selenium/4.2.1 (java windows)
Content-Length: 50
Content-Type: application/json; charset=utf-8
host: localhost:55641
accept: */*

Response DefaultHttpResponse(decodeResult: success, version: HTTP/1.1)
HTTP/1.1 200 OK
Content-Type: application/json; charset=utf-8
cache-control: no-cache
content-length: 14

[DEBUG] Adding key: http://localhost:55641 for channel [id: 0xb64d4848, L:/127.0.0.1:50819 - R:localhost/127.0.0.1:55641]
[DEBUG] Using pooled Channel '[id: 0xb64d4848, L:/127.0.0.1:50819 - R:localhost/127.0.0.1:55641]' for 'POST' to 'http://localhost:55641/session/ba3b4f4808f5e00e2de3e378d2259315/element'
[DEBUG] Using open Channel [id: 0xb64d4848, L:/127.0.0.1:50819 - R:localhost/127.0.0.1:55641] for POST '/session/ba3b4f4808f5e00e2de3e378d2259315/element'
[DEBUG] 

Request DefaultHttpRequest(decodeResult: success, version: HTTP/1.1)
POST /session/ba3b4f4808f5e00e2de3e378d2259315/element HTTP/1.1
User-Agent: selenium/4.2.1 (java windows)
Content-Length: 53
Content-Type: application/json; charset=utf-8
host: localhost:55641
accept: */*

Response DefaultHttpResponse(decodeResult: success, version: HTTP/1.1)
HTTP/1.1 200 OK
Content-Type: application/json; charset=utf-8
cache-control: no-cache
content-length: 88

[DEBUG] Adding key: http://localhost:55641 for channel [id: 0xb64d4848, L:/127.0.0.1:50819 - R:localhost/127.0.0.1:55641]
[DEBUG] Using pooled Channel '[id: 0xb64d4848, L:/127.0.0.1:50819 - R:localhost/127.0.0.1:55641]' for 'POST' to 'http://localhost:55641/session/ba3b4f4808f5e00e2de3e378d2259315/element/a15939c2-0e67-4358-ba75-8d5c150be265/value'
[DEBUG] Using open Channel [id: 0xb64d4848, L:/127.0.0.1:50819 - R:localhost/127.0.0.1:55641] for POST '/session/ba3b4f4808f5e00e2de3e378d2259315/element/a15939c2-0e67-4358-ba75-8d5c150be265/value'
[DEBUG] 

Request DefaultHttpRequest(decodeResult: success, version: HTTP/1.1)
POST /session/ba3b4f4808f5e00e2de3e378d2259315/element/a15939c2-0e67-4358-ba75-8d5c150be265/value HTTP/1.1
User-Agent: selenium/4.2.1 (java windows)
Content-Length: 131
Content-Type: application/json; charset=utf-8
host: localhost:55641
accept: */*

Response DefaultHttpResponse(decodeResult: success, version: HTTP/1.1)
HTTP/1.1 200 OK
Content-Type: application/json; charset=utf-8
cache-control: no-cache
content-length: 14

[DEBUG] Adding key: http://localhost:55641 for channel [id: 0xb64d4848, L:/127.0.0.1:50819 - R:localhost/127.0.0.1:55641]
[DEBUG] Using pooled Channel '[id: 0xb64d4848, L:/127.0.0.1:50819 - R:localhost/127.0.0.1:55641]' for 'POST' to 'http://localhost:55641/session/ba3b4f4808f5e00e2de3e378d2259315/element'
[DEBUG] Using open Channel [id: 0xb64d4848, L:/127.0.0.1:50819 - R:localhost/127.0.0.1:55641] for POST '/session/ba3b4f4808f5e00e2de3e378d2259315/element'
[DEBUG] 

Request DefaultHttpRequest(decodeResult: success, version: HTTP/1.1)
POST /session/ba3b4f4808f5e00e2de3e378d2259315/element HTTP/1.1
User-Agent: selenium/4.2.1 (java windows)
Content-Length: 87
Content-Type: application/json; charset=utf-8
host: localhost:55641
accept: */*

Response DefaultHttpResponse(decodeResult: success, version: HTTP/1.1)
HTTP/1.1 200 OK
Content-Type: application/json; charset=utf-8
cache-control: no-cache
content-length: 88

[DEBUG] Adding key: http://localhost:55641 for channel [id: 0xb64d4848, L:/127.0.0.1:50819 - R:localhost/127.0.0.1:55641]
[DEBUG] Using pooled Channel '[id: 0xb64d4848, L:/127.0.0.1:50819 - R:localhost/127.0.0.1:55641]' for 'POST' to 'http://localhost:55641/session/ba3b4f4808f5e00e2de3e378d2259315/element/3b776b7c-6a77-4b5a-a752-254a907a4f82/click'
[DEBUG] Using open Channel [id: 0xb64d4848, L:/127.0.0.1:50819 - R:localhost/127.0.0.1:55641] for POST '/session/ba3b4f4808f5e00e2de3e378d2259315/element/3b776b7c-6a77-4b5a-a752-254a907a4f82/click'
[DEBUG] Entry count for : http://localhost:50820 : 1
[DEBUG] Entry count for : http://localhost:50820 : 1
[DEBUG] Entry count for : http://localhost:50820 : 1
[DEBUG] Entry count for : http://localhost:50820 : 1
[DEBUG] 

Request DefaultHttpRequest(decodeResult: success, version: HTTP/1.1)
POST /session/ba3b4f4808f5e00e2de3e378d2259315/element/3b776b7c-6a77-4b5a-a752-254a907a4f82/click HTTP/1.1
User-Agent: selenium/4.2.1 (java windows)
Content-Length: 50
Content-Type: application/json; charset=utf-8
host: localhost:55641
accept: */*

Response DefaultHttpResponse(decodeResult: success, version: HTTP/1.1)
HTTP/1.1 200 OK
Content-Type: application/json; charset=utf-8
cache-control: no-cache
content-length: 14

[DEBUG] Adding key: http://localhost:55641 for channel [id: 0xb64d4848, L:/127.0.0.1:50819 - R:localhost/127.0.0.1:55641]
[DEBUG] Using pooled Channel '[id: 0xb64d4848, L:/127.0.0.1:50819 - R:localhost/127.0.0.1:55641]' for 'GET' to 'http://localhost:55641/session/ba3b4f4808f5e00e2de3e378d2259315/title'
[DEBUG] Using open Channel [id: 0xb64d4848, L:/127.0.0.1:50819 - R:localhost/127.0.0.1:55641] for GET '/session/ba3b4f4808f5e00e2de3e378d2259315/title'
[DEBUG] 

Request DefaultFullHttpRequest(decodeResult: success, version: HTTP/1.1, content: EmptyByteBufBE)
GET /session/ba3b4f4808f5e00e2de3e378d2259315/title HTTP/1.1
User-Agent: selenium/4.2.1 (java windows)
Cache-Control: no-cache
Content-Type: application/json; charset=utf-8
host: localhost:55641
accept: */*

Response DefaultHttpResponse(decodeResult: success, version: HTTP/1.1)
HTTP/1.1 200 OK
Content-Type: application/json; charset=utf-8
cache-control: no-cache
[...]
HTTP/1.1 200 OK
Content-Type: application/json; charset=utf-8
cache-control: no-cache
content-length: 88

[DEBUG] Adding key: http://localhost:56540 for channel [id: 0x0541f5a3, L:/127.0.0.1:50868 - R:localhost/127.0.0.1:56540]
[DEBUG] Using pooled Channel '[id: 0x0541f5a3, L:/127.0.0.1:50868 - R:localhost/127.0.0.1:56540]' for 'POST' to 'http://localhost:56540/session/91797a59eabf6c0fb2022505f3883e39/element/2bc794d2-052e-484f-b1c6-5918bec8f470/clear'
[DEBUG] Using open Channel [id: 0x0541f5a3, L:/127.0.0.1:50868 - R:localhost/127.0.0.1:56540] for POST '/session/91797a59eabf6c0fb2022505f3883e39/element/2bc794d2-052e-484f-b1c6-5918bec8f470/clear'
[DEBUG] 

Request DefaultHttpRequest(decodeResult: success, version: HTTP/1.1)
POST /session/91797a59eabf6c0fb2022505f3883e39/element/2bc794d2-052e-484f-b1c6-5918bec8f470/clear HTTP/1.1
User-Agent: selenium/4.2.1 (java windows)
Content-Length: 50
Content-Type: application/json; charset=utf-8
host: localhost:56540
accept: */*

Response DefaultHttpResponse(decodeResult: success, version: HTTP/1.1)
HTTP/1.1 200 OK
Content-Type: application/json; charset=utf-8
cache-control: no-cache
content-length: 14

[DEBUG] Adding key: http://localhost:56540 for channel [id: 0x0541f5a3, L:/127.0.0.1:50868 - R:localhost/127.0.0.1:56540]
[DEBUG] Using pooled Channel '[id: 0x0541f5a3, L:/127.0.0.1:50868 - R:localhost/127.0.0.1:56540]' for 'POST' to 'http://localhost:56540/session/91797a59eabf6c0fb2022505f3883e39/element'
[DEBUG] Using open Channel [id: 0x0541f5a3, L:/127.0.0.1:50868 - R:localhost/127.0.0.1:56540] for POST '/session/91797a59eabf6c0fb2022505f3883e39/element'
[DEBUG] 

Request DefaultHttpRequest(decodeResult: success, version: HTTP/1.1)
POST /session/91797a59eabf6c0fb2022505f3883e39/element HTTP/1.1
User-Agent: selenium/4.2.1 (java windows)
Content-Length: 53
Content-Type: application/json; charset=utf-8
host: localhost:56540
accept: */*

Response DefaultHttpResponse(decodeResult: success, version: HTTP/1.1)
HTTP/1.1 200 OK
Content-Type: application/json; charset=utf-8
cache-control: no-cache
content-length: 88

[DEBUG] Adding key: http://localhost:56540 for channel [id: 0x0541f5a3, L:/127.0.0.1:50868 - R:localhost/127.0.0.1:56540]
[DEBUG] Using pooled Channel '[id: 0x0541f5a3, L:/127.0.0.1:50868 - R:localhost/127.0.0.1:56540]' for 'POST' to 'http://localhost:56540/session/91797a59eabf6c0fb2022505f3883e39/element/2bc794d2-052e-484f-b1c6-5918bec8f470/value'
[DEBUG] Using open Channel [id: 0x0541f5a3, L:/127.0.0.1:50868 - R:localhost/127.0.0.1:56540] for POST '/session/91797a59eabf6c0fb2022505f3883e39/element/2bc794d2-052e-484f-b1c6-5918bec8f470/value'
[DEBUG] 

Request DefaultHttpRequest(decodeResult: success, version: HTTP/1.1)
POST /session/91797a59eabf6c0fb2022505f3883e39/element/2bc794d2-052e-484f-b1c6-5918bec8f470/value HTTP/1.1
User-Agent: selenium/4.2.1 (java windows)
Content-Length: 131
Content-Type: application/json; charset=utf-8
host: localhost:56540
accept: */*

Response DefaultHttpResponse(decodeResult: success, version: HTTP/1.1)
HTTP/1.1 200 OK
Content-Type: application/json; charset=utf-8
cache-control: no-cache
content-length: 14

[DEBUG] Adding key: http://localhost:56540 for channel [id: 0x0541f5a3, L:/127.0.0.1:50868 - R:localhost/127.0.0.1:56540]
[DEBUG] Using pooled Channel '[id: 0x0541f5a3, L:/127.0.0.1:50868 - R:localhost/127.0.0.1:56540]' for 'POST' to 'http://localhost:56540/session/91797a59eabf6c0fb2022505f3883e39/element'
[DEBUG] Using open Channel [id: 0x0541f5a3, L:/127.0.0.1:50868 - R:localhost/127.0.0.1:56540] for POST '/session/91797a59eabf6c0fb2022505f3883e39/element'
[DEBUG] 

Request DefaultHttpRequest(decodeResult: success, version: HTTP/1.1)
POST /session/91797a59eabf6c0fb2022505f3883e39/element HTTP/1.1
User-Agent: selenium/4.2.1 (java windows)
Content-Length: 87
Content-Type: application/json; charset=utf-8
host: localhost:56540
accept: */*

Response DefaultHttpResponse(decodeResult: success, version: HTTP/1.1)
HTTP/1.1 200 OK
Content-Type: application/json; charset=utf-8
cache-control: no-cache
content-length: 88

[DEBUG] Adding key: http://localhost:56540 for channel [id: 0x0541f5a3, L:/127.0.0.1:50868 - R:localhost/127.0.0.1:56540]
[DEBUG] Using pooled Channel '[id: 0x0541f5a3, L:/127.0.0.1:50868 - R:localhost/127.0.0.1:56540]' for 'POST' to 'http://localhost:56540/session/91797a59eabf6c0fb2022505f3883e39/element/9f138f09-71cc-4267-a2dd-7210328966a7/click'
[DEBUG] Using open Channel [id: 0x0541f5a3, L:/127.0.0.1:50868 - R:localhost/127.0.0.1:56540] for POST '/session/91797a59eabf6c0fb2022505f3883e39/element/9f138f09-71cc-4267-a2dd-7210328966a7/click'
[DEBUG] Entry count for : http://localhost:50869 : 1
[DEBUG] Entry count for : http://localhost:50869 : 1
[DEBUG] Entry count for : http://localhost:50869 : 1
[DEBUG] Entry count for : http://localhost:50869 : 1
[DEBUG] 

Request DefaultHttpRequest(decodeResult: success, version: HTTP/1.1)
POST /session/91797a59eabf6c0fb2022505f3883e39/element/9f138f09-71cc-4267-a2dd-7210328966a7/click HTTP/1.1
User-Agent: selenium/4.2.1 (java windows)
Content-Length: 50
Content-Type: application/json; charset=utf-8
host: localhost:56540
accept: */*

Response DefaultHttpResponse(decodeResult: success, version: HTTP/1.1)
HTTP/1.1 200 OK
Content-Type: application/json; charset=utf-8
cache-control: no-cache
content-length: 14

[DEBUG] Adding key: http://localhost:56540 for channel [id: 0x0541f5a3, L:/127.0.0.1:50868 - R:localhost/127.0.0.1:56540]
[DEBUG] Using pooled Channel '[id: 0x0541f5a3, L:/127.0.0.1:50868 - R:localhost/127.0.0.1:56540]' for 'GET' to 'http://localhost:56540/session/91797a59eabf6c0fb2022505f3883e39/title'
[DEBUG] Using open Channel [id: 0x0541f5a3, L:/127.0.0.1:50868 - R:localhost/127.0.0.1:56540] for GET '/session/91797a59eabf6c0fb2022505f3883e39/title'
[DEBUG] 

Request DefaultFullHttpRequest(decodeResult: success, version: HTTP/1.1, content: EmptyByteBufBE)
GET /session/91797a59eabf6c0fb2022505f3883e39/title HTTP/1.1
User-Agent: selenium/4.2.1 (java windows)
Cache-Control: no-cache
Content-Type: application/json; charset=utf-8
host: localhost:56540
accept: */*

Response DefaultHttpResponse(decodeResult: success, version: HTTP/1.1)
HTTP/1.1 200 OK
Content-Type: application/json; charset=utf-8
cache-control: no-cache
content-length: 50

[DEBUG] Adding key: http://localhost:56540 for channel [id: 0x0541f5a3, L:/127.0.0.1:50868 - R:localhost/127.0.0.1:56540]
[DEBUG] Using pooled Channel '[id: 0x0541f5a3, L:/127.0.0.1:50868 - R:localhost/127.0.0.1:56540]' for 'POST' to 'http://localhost:56540/session/91797a59eabf6c0fb2022505f3883e39/element'
[DEBUG] Using open Channel [id: 0x0541f5a3, L:/127.0.0.1:50868 - R:localhost/127.0.0.1:56540] for POST '/session/91797a59eabf6c0fb2022505f3883e39/element'
[DEBUG] 

Request DefaultHttpRequest(decodeResult: success, version: HTTP/1.1)
POST /session/91797a59eabf6c0fb2022505f3883e39/element HTTP/1.1
User-Agent: selenium/4.2.1 (java windows)
Content-Length: 47
Content-Type: application/json; charset=utf-8
host: localhost:56540
accept: */*

Response DefaultHttpResponse(decodeResult: success, version: HTTP/1.1)
HTTP/1.1 200 OK
Content-Type: application/json; charset=utf-8
cache-control: no-cache
content-length: 88

[DEBUG] Adding key: http://localhost:56540 for channel [id: 0x0541f5a3, L:/127.0.0.1:50868 - R:localhost/127.0.0.1:56540]
[DEBUG] Using pooled Channel '[id: 0x0541f5a3, L:/127.0.0.1:50868 - R:localhost/127.0.0.1:56540]' for 'POST' to 'http://localhost:56540/session/91797a59eabf6c0fb2022505f3883e39/element/7850480b-a27c-4e95-bf4c-e0515a8c6d11/click'
[DEBUG] Using open Channel [id: 0x0541f5a3, L:/127.0.0.1:50868 - R:localhost/127.0.0.1:56540] for POST '/session/91797a59eabf6c0fb2022505f3883e39/element/7850480b-a27c-4e95-bf4c-e0515a8c6d11/click'
[DEBUG] Entry count for : http://localhost:50869 : 1
[DEBUG] Entry count for : http://localhost:50869 : 1
[DEBUG] 

Request DefaultHttpRequest(decodeResult: success, version: HTTP/1.1)
POST /session/91797a59eabf6c0fb2022505f3883e39/element/7850480b-a27c-4e95-bf4c-e0515a8c6d11/click HTTP/1.1
User-Agent: selenium/4.2.1 (java windows)
Content-Length: 50
Content-Type: application/json; charset=utf-8
host: localhost:56540
accept: */*

Response DefaultHttpResponse(decodeResult: success, version: HTTP/1.1)
HTTP/1.1 200 OK
Content-Type: application/json; charset=utf-8
cache-control: no-cache
content-length: 14

[DEBUG] Adding key: http://localhost:56540 for channel [id: 0x0541f5a3, L:/127.0.0.1:50868 - R:localhost/127.0.0.1:56540]
[DEBUG] Using pooled Channel '[id: 0x0541f5a3, L:/127.0.0.1:50868 - R:localhost/127.0.0.1:56540]' for 'GET' to 'http://localhost:56540/session/91797a59eabf6c0fb2022505f3883e39/title'
[DEBUG] Using open Channel [id: 0x0541f5a3, L:/127.0.0.1:50868 - R:localhost/127.0.0.1:56540] for GET '/session/91797a59eabf6c0fb2022505f3883e39/title'
[DEBUG] 

Request DefaultFullHttpRequest(decodeResult: success, version: HTTP/1.1, content: EmptyByteBufBE)
GET /session/91797a59eabf6c0fb2022505f3883e39/title HTTP/1.1
User-Agent: selenium/4.2.1 (java windows)
Cache-Control: no-cache
Content-Type: application/json; charset=utf-8
host: localhost:56540
accept: */*

Response DefaultHttpResponse(decodeResult: success, version: HTTP/1.1)
HTTP/1.1 200 OK
Content-Type: application/json; charset=utf-8
cache-control: no-cache
content-length: 29

[DEBUG] Adding key: http://localhost:56540 for channel [id: 0x0541f5a3, L:/127.0.0.1:50868 - R:localhost/127.0.0.1:56540]
[DEBUG] Using pooled Channel '[id: 0x0541f5a3, L:/127.0.0.1:50868 - R:localhost/127.0.0.1:56540]' for 'DELETE' to 'http://localhost:56540/session/91797a59eabf6c0fb2022505f3883e39/window'
[DEBUG] Using open Channel [id: 0x0541f5a3, L:/127.0.0.1:50868 - R:localhost/127.0.0.1:56540] for DELETE '/session/91797a59eabf6c0fb2022505f3883e39/window'
[DEBUG] Unexpected I/O exception on channel [id: 0xafc8b59e, L:/127.0.0.1:50876 - R:localhost/127.0.0.1:50869]
java.net.SocketException: Connection reset
	at java.base/sun.nio.ch.SocketChannelImpl.throwConnectionReset(SocketChannelImpl.java:394) ~[na:na]
	at java.base/sun.nio.ch.SocketChannelImpl.read(SocketChannelImpl.java:426) ~[na:na]
	at io.netty.buffer.PooledByteBuf.setBytes(PooledByteBuf.java:258) ~[netty-buffer-4.1.77.Final.jar:4.1.77.Final]
	at io.netty.buffer.AbstractByteBuf.writeBytes(AbstractByteBuf.java:1132) ~[netty-buffer-4.1.77.Final.jar:4.1.77.Final]
	at io.netty.channel.socket.nio.NioSocketChannel.doReadBytes(NioSocketChannel.java:357) ~[netty-transport-4.1.77.Final.jar:4.1.77.Final]
	at io.netty.channel.nio.AbstractNioByteChannel$NioByteUnsafe.read(AbstractNioByteChannel.java:151) ~[netty-transport-4.1.77.Final.jar:4.1.77.Final]
	at io.netty.channel.nio.NioEventLoop.processSelectedKey(NioEventLoop.java:722) ~[netty-transport-4.1.77.Final.jar:4.1.77.Final]
	at io.netty.channel.nio.NioEventLoop.processSelectedKeysOptimized(NioEventLoop.java:658) ~[netty-transport-4.1.77.Final.jar:4.1.77.Final]
	at io.netty.channel.nio.NioEventLoop.processSelectedKeys(NioEventLoop.java:584) ~[netty-transport-4.1.77.Final.jar:4.1.77.Final]
	at io.netty.channel.nio.NioEventLoop.run(NioEventLoop.java:496) ~[netty-transport-4.1.77.Final.jar:4.1.77.Final]
	at io.netty.util.concurrent.SingleThreadEventExecutor$4.run(SingleThreadEventExecutor.java:995) ~[netty-common-4.1.77.Final.jar:4.1.77.Final]
	at io.netty.util.internal.ThreadExecutorMap$2.run(ThreadExecutorMap.java:74) ~[netty-common-4.1.77.Final.jar:4.1.77.Final]
	at io.netty.util.concurrent.FastThreadLocalRunnable.run(FastThreadLocalRunnable.java:30) ~[netty-common-4.1.77.Final.jar:4.1.77.Final]
	at java.base/java.lang.Thread.run(Thread.java:833) ~[na:na]
[DEBUG] Was unable to recover Future: NettyResponseFuture{currentRetry=0,
	isDone=1,
	isCancelled=0,
	asyncHandler=org.asynchttpclient.ws.WebSocketUpgradeHandler@ceaf303,
	nettyRequest=org.asynchttpclient.netty.request.NettyRequest@49e86cfa,
	future=java.util.concurrent.CompletableFuture@5baba4b4[Completed normally],
	uri=ws://localhost:50869/devtools/browser/2a38996c-8201-4e96-b16c-6fe4e6e2b134,
	keepAlive=true,
	redirectCount=0,
	timeoutsHolder=null,
	inAuth=0,
	touch=1658841094934}
[DEBUG] Closing Channel [id: 0xafc8b59e, L:/127.0.0.1:50876 - R:localhost/127.0.0.1:50869] 
[DEBUG] Unexpected I/O exception on channel [id: 0x04af208f, L:/127.0.0.1:50875 - R:localhost/127.0.0.1:50869]
java.net.SocketException: Connection reset
	at java.base/sun.nio.ch.SocketChannelImpl.throwConnectionReset(SocketChannelImpl.java:394) ~[na:na]
	at java.base/sun.nio.ch.SocketChannelImpl.read(SocketChannelImpl.java:426) ~[na:na]
	at io.netty.buffer.PooledByteBuf.setBytes(PooledByteBuf.java:258) ~[netty-buffer-4.1.77.Final.jar:4.1.77.Final]
	at io.netty.buffer.AbstractByteBuf.writeBytes(AbstractByteBuf.java:1132) ~[netty-buffer-4.1.77.Final.jar:4.1.77.Final]
	at io.netty.channel.socket.nio.NioSocketChannel.doReadBytes(NioSocketChannel.java:357) ~[netty-transport-4.1.77.Final.jar:4.1.77.Final]
	at io.netty.channel.nio.AbstractNioByteChannel$NioByteUnsafe.read(AbstractNioByteChannel.java:151) ~[netty-transport-4.1.77.Final.jar:4.1.77.Final]
	at io.netty.channel.nio.NioEventLoop.processSelectedKey(NioEventLoop.java:722) ~[netty-transport-4.1.77.Final.jar:4.1.77.Final]
	at io.netty.channel.nio.NioEventLoop.processSelectedKeysOptimized(NioEventLoop.java:658) ~[netty-transport-4.1.77.Final.jar:4.1.77.Final]
	at io.netty.channel.nio.NioEventLoop.processSelectedKeys(NioEventLoop.java:584) ~[netty-transport-4.1.77.Final.jar:4.1.77.Final]
	at io.netty.channel.nio.NioEventLoop.run(NioEventLoop.java:496) ~[netty-transport-4.1.77.Final.jar:4.1.77.Final]
	at io.netty.util.concurrent.SingleThreadEventExecutor$4.run(SingleThreadEventExecutor.java:995) ~[netty-common-4.1.77.Final.jar:4.1.77.Final]
	at io.netty.util.internal.ThreadExecutorMap$2.run(ThreadExecutorMap.java:74) ~[netty-common-4.1.77.Final.jar:4.1.77.Final]
	at io.netty.util.concurrent.FastThreadLocalRunnable.run(FastThreadLocalRunnable.java:30) ~[netty-common-4.1.77.Final.jar:4.1.77.Final]
	at java.base/java.lang.Thread.run(Thread.java:833) ~[na:na]
[DEBUG] Closing Channel [id: 0x04af208f, L:/127.0.0.1:50875 - R:localhost/127.0.0.1:50869] 
[DEBUG] Channel Closed: [id: 0x04af208f, L:/127.0.0.1:50875 ! R:localhost/127.0.0.1:50869] with attribute DISCARD
[WARN] onError
java.net.SocketException: Connection reset
	at java.base/sun.nio.ch.SocketChannelImpl.throwConnectionReset(SocketChannelImpl.java:394) ~[na:na]
	at java.base/sun.nio.ch.SocketChannelImpl.read(SocketChannelImpl.java:426) ~[na:na]
	at io.netty.buffer.PooledByteBuf.setBytes(PooledByteBuf.java:258) ~[netty-buffer-4.1.77.Final.jar:4.1.77.Final]
	at io.netty.buffer.AbstractByteBuf.writeBytes(AbstractByteBuf.java:1132) ~[netty-buffer-4.1.77.Final.jar:4.1.77.Final]
	at io.netty.channel.socket.nio.NioSocketChannel.doReadBytes(NioSocketChannel.java:357) ~[netty-transport-4.1.77.Final.jar:4.1.77.Final]
	at io.netty.channel.nio.AbstractNioByteChannel$NioByteUnsafe.read(AbstractNioByteChannel.java:151) ~[netty-transport-4.1.77.Final.jar:4.1.77.Final]
	at io.netty.channel.nio.NioEventLoop.processSelectedKey(NioEventLoop.java:722) ~[netty-transport-4.1.77.Final.jar:4.1.77.Final]
	at io.netty.channel.nio.NioEventLoop.processSelectedKeysOptimized(NioEventLoop.java:658) ~[netty-transport-4.1.77.Final.jar:4.1.77.Final]
	at io.netty.channel.nio.NioEventLoop.processSelectedKeys(NioEventLoop.java:584) ~[netty-transport-4.1.77.Final.jar:4.1.77.Final]
	at io.netty.channel.nio.NioEventLoop.run(NioEventLoop.java:496) ~[netty-transport-4.1.77.Final.jar:4.1.77.Final]
	at io.netty.util.concurrent.SingleThreadEventExecutor$4.run(SingleThreadEventExecutor.java:995) ~[netty-common-4.1.77.Final.jar:4.1.77.Final]
	at io.netty.util.internal.ThreadExecutorMap$2.run(ThreadExecutorMap.java:74) ~[netty-common-4.1.77.Final.jar:4.1.77.Final]
	at io.netty.util.concurrent.FastThreadLocalRunnable.run(FastThreadLocalRunnable.java:30) ~[netty-common-4.1.77.Final.jar:4.1.77.Final]
	at java.base/java.lang.Thread.run(Thread.java:833) ~[na:na]
[DEBUG] Closing Channel [id: 0xafc8b59e, L:/127.0.0.1:50876 ! R:localhost/127.0.0.1:50869] 
[DEBUG] Channel Closed: [id: 0xafc8b59e, L:/127.0.0.1:50876 ! R:localhost/127.0.0.1:50869] with attribute DISCARD
[DEBUG] 

Request DefaultFullHttpRequest(decodeResult: success, version: HTTP/1.1, content: EmptyByteBufBE)
DELETE /session/91797a59eabf6c0fb2022505f3883e39/window HTTP/1.1
User-Agent: selenium/4.2.1 (java windows)
Content-Type: application/json; charset=utf-8
host: localhost:56540
accept: */*

Response DefaultHttpResponse(decodeResult: success, version: HTTP/1.1)
HTTP/1.1 200 OK
Content-Type: application/json; charset=utf-8
cache-control: no-cache
content-length: 12

[DEBUG] Adding key: http://localhost:56540 for channel [id: 0x0541f5a3, L:/127.0.0.1:50868 - R:localhost/127.0.0.1:56540]
TearDown method executed
[DEBUG] Using pooled Channel '[id: 0x0541f5a3, L:/127.0.0.1:50868 - R:localhost/127.0.0.1:56540]' for 'DELETE' to 'http://localhost:56540/session/91797a59eabf6c0fb2022505f3883e39'
[DEBUG] Using open Channel [id: 0x0541f5a3, L:/127.0.0.1:50868 - R:localhost/127.0.0.1:56540] for DELETE '/session/91797a59eabf6c0fb2022505f3883e39'
[DEBUG] 

Request DefaultFullHttpRequest(decodeResult: success, version: HTTP/1.1, content: EmptyByteBufBE)
DELETE /session/91797a59eabf6c0fb2022505f3883e39 HTTP/1.1
User-Agent: selenium/4.2.1 (java windows)
Content-Type: application/json; charset=utf-8
host: localhost:56540
accept: */*

Response DefaultHttpResponse(decodeResult: success, version: HTTP/1.1)
HTTP/1.1 200 OK
Content-Type: application/json; charset=utf-8
cache-control: no-cache
content-length: 14

[DEBUG] Adding key: http://localhost:56540 for channel [id: 0x0541f5a3, L:/127.0.0.1:50868 - R:localhost/127.0.0.1:56540]
[DEBUG] Channel Closed: [id: 0x0541f5a3, L:/127.0.0.1:50868 ! R:localhost/127.0.0.1:56540] with attribute DISCARD
]]></system-out>
    <system-err><![CDATA[Starting ChromeDriver 103.0.5060.134 (8ec6fce403b3feb0869b0732eda8bd95011d333c-refs/branch-heads/5060@{#1262}) on port 56540
Only local connections are allowed.
Please see https://chromedriver.chromium.org/security-considerations for suggestions on keeping ChromeDriver safe.
ChromeDriver was started successfully.
Jul 26, 2022 6:41:25 PM org.openqa.selenium.remote.ProtocolHandshake createSession
INFO: Detected upstream dialect: W3C
Jul 26, 2022 6:41:25 PM org.openqa.selenium.devtools.CdpVersionFinder findNearestMatch
WARNING: Unable to find an exact match for CDP version 103, so returning the closest version found: 102
Jul 26, 2022 6:41:25 PM org.openqa.selenium.devtools.CdpVersionFinder findNearestMatch
INFO: Found CDP implementation for version 103 of 102
Jul 26, 2022 6:41:34 PM org.openqa.selenium.remote.http.WebSocket$Listener onError
WARNING: Connection reset
java.net.SocketException: Connection reset
	at java.base/sun.nio.ch.SocketChannelImpl.throwConnectionReset(SocketChannelImpl.java:394)
	at java.base/sun.nio.ch.SocketChannelImpl.read(SocketChannelImpl.java:426)
	at io.netty.buffer.PooledByteBuf.setBytes(PooledByteBuf.java:258)
	at io.netty.buffer.AbstractByteBuf.writeBytes(AbstractByteBuf.java:1132)
	at io.netty.channel.socket.nio.NioSocketChannel.doReadBytes(NioSocketChannel.java:357)
	at io.netty.channel.nio.AbstractNioByteChannel$NioByteUnsafe.read(AbstractNioByteChannel.java:151)
	at io.netty.channel.nio.NioEventLoop.processSelectedKey(NioEventLoop.java:722)
	at io.netty.channel.nio.NioEventLoop.processSelectedKeysOptimized(NioEventLoop.java:658)
	at io.netty.channel.nio.NioEventLoop.processSelectedKeys(NioEventLoop.java:584)
	at io.netty.channel.nio.NioEventLoop.run(NioEventLoop.java:496)
	at io.netty.util.concurrent.SingleThreadEventExecutor$4.run(SingleThreadEventExecutor.java:995)
	at io.netty.util.internal.ThreadExecutorMap$2.run(ThreadExecutorMap.java:74)
	at io.netty.util.concurrent.FastThreadLocalRunnable.run(FastThreadLocalRunnable.java:30)
	at java.base/java.lang.Thread.run(Thread.java:833)

]]></system-err>
  </testcase>
</testsuite>